<?xml version="1.0" encoding="UTF-8"?>
<robot generator="Robot 3.0 (Jython 2.7.0 on java1.8.0_161-1-ojdkbuild)" generated="20180209 15:40:29.165">
<suite source="F:\JWilliamson\cs310-tic-tac-toe\src\test\acceptancetest" name="Acceptancetest" id="s1">
<suite source="F:\JWilliamson\cs310-tic-tac-toe\src\test\acceptancetest\TicTacToeGUITests.robot" name="TicTacToeGUITests" id="s1-s1">
<test name="Win Diagonally as X" id="s1-s1-t1">
<kw name="Start New Game">
<kw library="SwingLibrary" name="Start Application">
<doc>Alias for `Launch Application` keyword</doc>
<arguments>
<arg>edu.jsu.mcis.TicTacToe</arg>
</arguments>
<status endtime="20180209 15:40:40.581" starttime="20180209 15:40:40.206" status="PASS"></status>
</kw>
<kw library="SwingLibrary" name="Select Window">
<doc>Selects a window as current context and sets focus to it.</doc>
<arguments>
<arg>Tic-Tac-Toe</arg>
</arguments>
<status endtime="20180209 15:40:40.686" starttime="20180209 15:40:40.591" status="PASS"></status>
</kw>
<status endtime="20180209 15:40:40.688" starttime="20180209 15:40:40.202" status="PASS"></status>
</kw>
<kw name="Mark Location">
<arguments>
<arg>1</arg>
<arg>1</arg>
</arguments>
<kw library="BuiltIn" name="Catenate">
<doc>Catenates the given items together and returns the resulted string.</doc>
<arguments>
<arg>SEPARATOR=</arg>
<arg>Square</arg>
<arg>${row}</arg>
<arg>${col}</arg>
</arguments>
<assign>
<var>${component}</var>
</assign>
<msg level="INFO" timestamp="20180209 15:40:40.701">${component} = Square11</msg>
<status endtime="20180209 15:40:40.702" starttime="20180209 15:40:40.694" status="PASS"></status>
</kw>
<kw library="SwingLibrary" name="Click On Component">
<doc>Clicks on a component.</doc>
<arguments>
<arg>${component}</arg>
</arguments>
<status endtime="20180209 15:40:40.745" starttime="20180209 15:40:40.704" status="PASS"></status>
</kw>
<status endtime="20180209 15:40:40.747" starttime="20180209 15:40:40.690" status="PASS"></status>
</kw>
<kw name="Check Location">
<arguments>
<arg>1</arg>
<arg>1</arg>
<arg>X</arg>
</arguments>
<kw library="BuiltIn" name="Catenate">
<doc>Catenates the given items together and returns the resulted string.</doc>
<arguments>
<arg>SEPARATOR=</arg>
<arg>Square</arg>
<arg>${row}</arg>
<arg>${col}</arg>
</arguments>
<assign>
<var>${component}</var>
</assign>
<msg level="INFO" timestamp="20180209 15:40:40.757">${component} = Square11</msg>
<status endtime="20180209 15:40:40.757" starttime="20180209 15:40:40.753" status="PASS"></status>
</kw>
<kw library="SwingLibrary" name="Get Button Text">
<doc>Uses current context to search for a button and when found, returns the text it is labeled with.</doc>
<arguments>
<arg>${component}</arg>
</arguments>
<assign>
<var>${text}</var>
</assign>
<msg level="INFO" timestamp="20180209 15:40:40.803">${text} = X</msg>
<status endtime="20180209 15:40:40.804" starttime="20180209 15:40:40.759" status="PASS"></status>
</kw>
<kw library="BuiltIn" name="Should Be Equal">
<doc>Fails if the given objects are unequal.</doc>
<arguments>
<arg>${text}</arg>
<arg>${mark}</arg>
</arguments>
<status endtime="20180209 15:40:40.810" starttime="20180209 15:40:40.805" status="PASS"></status>
</kw>
<status endtime="20180209 15:40:40.811" starttime="20180209 15:40:40.749" status="PASS"></status>
</kw>
<kw name="Mark Location">
<arguments>
<arg>0</arg>
<arg>1</arg>
</arguments>
<kw library="BuiltIn" name="Catenate">
<doc>Catenates the given items together and returns the resulted string.</doc>
<arguments>
<arg>SEPARATOR=</arg>
<arg>Square</arg>
<arg>${row}</arg>
<arg>${col}</arg>
</arguments>
<assign>
<var>${component}</var>
</assign>
<msg level="INFO" timestamp="20180209 15:40:40.820">${component} = Square01</msg>
<status endtime="20180209 15:40:40.821" starttime="20180209 15:40:40.816" status="PASS"></status>
</kw>
<kw library="SwingLibrary" name="Click On Component">
<doc>Clicks on a component.</doc>
<arguments>
<arg>${component}</arg>
</arguments>
<status endtime="20180209 15:40:40.833" starttime="20180209 15:40:40.822" status="PASS"></status>
</kw>
<status endtime="20180209 15:40:40.834" starttime="20180209 15:40:40.813" status="PASS"></status>
</kw>
<kw name="Check Location">
<arguments>
<arg>0</arg>
<arg>1</arg>
<arg>O</arg>
</arguments>
<kw library="BuiltIn" name="Catenate">
<doc>Catenates the given items together and returns the resulted string.</doc>
<arguments>
<arg>SEPARATOR=</arg>
<arg>Square</arg>
<arg>${row}</arg>
<arg>${col}</arg>
</arguments>
<assign>
<var>${component}</var>
</assign>
<msg level="INFO" timestamp="20180209 15:40:40.843">${component} = Square01</msg>
<status endtime="20180209 15:40:40.845" starttime="20180209 15:40:40.839" status="PASS"></status>
</kw>
<kw library="SwingLibrary" name="Get Button Text">
<doc>Uses current context to search for a button and when found, returns the text it is labeled with.</doc>
<arguments>
<arg>${component}</arg>
</arguments>
<assign>
<var>${text}</var>
</assign>
<msg level="INFO" timestamp="20180209 15:40:40.852">${text} = O</msg>
<status endtime="20180209 15:40:40.852" starttime="20180209 15:40:40.846" status="PASS"></status>
</kw>
<kw library="BuiltIn" name="Should Be Equal">
<doc>Fails if the given objects are unequal.</doc>
<arguments>
<arg>${text}</arg>
<arg>${mark}</arg>
</arguments>
<status endtime="20180209 15:40:40.856" starttime="20180209 15:40:40.854" status="PASS"></status>
</kw>
<status endtime="20180209 15:40:40.857" starttime="20180209 15:40:40.836" status="PASS"></status>
</kw>
<kw name="Mark Location">
<arguments>
<arg>0</arg>
<arg>0</arg>
</arguments>
<kw library="BuiltIn" name="Catenate">
<doc>Catenates the given items together and returns the resulted string.</doc>
<arguments>
<arg>SEPARATOR=</arg>
<arg>Square</arg>
<arg>${row}</arg>
<arg>${col}</arg>
</arguments>
<assign>
<var>${component}</var>
</assign>
<msg level="INFO" timestamp="20180209 15:40:40.865">${component} = Square00</msg>
<status endtime="20180209 15:40:40.866" starttime="20180209 15:40:40.861" status="PASS"></status>
</kw>
<kw library="SwingLibrary" name="Click On Component">
<doc>Clicks on a component.</doc>
<arguments>
<arg>${component}</arg>
</arguments>
<status endtime="20180209 15:40:40.877" starttime="20180209 15:40:40.867" status="PASS"></status>
</kw>
<status endtime="20180209 15:40:40.879" starttime="20180209 15:40:40.858" status="PASS"></status>
</kw>
<kw name="Check Location">
<arguments>
<arg>0</arg>
<arg>0</arg>
<arg>X</arg>
</arguments>
<kw library="BuiltIn" name="Catenate">
<doc>Catenates the given items together and returns the resulted string.</doc>
<arguments>
<arg>SEPARATOR=</arg>
<arg>Square</arg>
<arg>${row}</arg>
<arg>${col}</arg>
</arguments>
<assign>
<var>${component}</var>
</assign>
<msg level="INFO" timestamp="20180209 15:40:40.887">${component} = Square00</msg>
<status endtime="20180209 15:40:40.888" starttime="20180209 15:40:40.883" status="PASS"></status>
</kw>
<kw library="SwingLibrary" name="Get Button Text">
<doc>Uses current context to search for a button and when found, returns the text it is labeled with.</doc>
<arguments>
<arg>${component}</arg>
</arguments>
<assign>
<var>${text}</var>
</assign>
<msg level="INFO" timestamp="20180209 15:40:40.895">${text} = X</msg>
<status endtime="20180209 15:40:40.896" starttime="20180209 15:40:40.889" status="PASS"></status>
</kw>
<kw library="BuiltIn" name="Should Be Equal">
<doc>Fails if the given objects are unequal.</doc>
<arguments>
<arg>${text}</arg>
<arg>${mark}</arg>
</arguments>
<status endtime="20180209 15:40:40.899" starttime="20180209 15:40:40.897" status="PASS"></status>
</kw>
<status endtime="20180209 15:40:40.900" starttime="20180209 15:40:40.880" status="PASS"></status>
</kw>
<kw name="Mark Location">
<arguments>
<arg>0</arg>
<arg>2</arg>
</arguments>
<kw library="BuiltIn" name="Catenate">
<doc>Catenates the given items together and returns the resulted string.</doc>
<arguments>
<arg>SEPARATOR=</arg>
<arg>Square</arg>
<arg>${row}</arg>
<arg>${col}</arg>
</arguments>
<assign>
<var>${component}</var>
</assign>
<msg level="INFO" timestamp="20180209 15:40:40.907">${component} = Square02</msg>
<status endtime="20180209 15:40:40.908" starttime="20180209 15:40:40.904" status="PASS"></status>
</kw>
<kw library="SwingLibrary" name="Click On Component">
<doc>Clicks on a component.</doc>
<arguments>
<arg>${component}</arg>
</arguments>
<status endtime="20180209 15:40:40.918" starttime="20180209 15:40:40.909" status="PASS"></status>
</kw>
<status endtime="20180209 15:40:40.919" starttime="20180209 15:40:40.901" status="PASS"></status>
</kw>
<kw name="Check Location">
<arguments>
<arg>0</arg>
<arg>2</arg>
<arg>O</arg>
</arguments>
<kw library="BuiltIn" name="Catenate">
<doc>Catenates the given items together and returns the resulted string.</doc>
<arguments>
<arg>SEPARATOR=</arg>
<arg>Square</arg>
<arg>${row}</arg>
<arg>${col}</arg>
</arguments>
<assign>
<var>${component}</var>
</assign>
<msg level="INFO" timestamp="20180209 15:40:40.927">${component} = Square02</msg>
<status endtime="20180209 15:40:40.928" starttime="20180209 15:40:40.924" status="PASS"></status>
</kw>
<kw library="SwingLibrary" name="Get Button Text">
<doc>Uses current context to search for a button and when found, returns the text it is labeled with.</doc>
<arguments>
<arg>${component}</arg>
</arguments>
<assign>
<var>${text}</var>
</assign>
<msg level="INFO" timestamp="20180209 15:40:40.935">${text} = O</msg>
<status endtime="20180209 15:40:40.936" starttime="20180209 15:40:40.929" status="PASS"></status>
</kw>
<kw library="BuiltIn" name="Should Be Equal">
<doc>Fails if the given objects are unequal.</doc>
<arguments>
<arg>${text}</arg>
<arg>${mark}</arg>
</arguments>
<status endtime="20180209 15:40:40.940" starttime="20180209 15:40:40.937" status="PASS"></status>
</kw>
<status endtime="20180209 15:40:40.941" starttime="20180209 15:40:40.921" status="PASS"></status>
</kw>
<kw name="Mark Location">
<arguments>
<arg>2</arg>
<arg>2</arg>
</arguments>
<kw library="BuiltIn" name="Catenate">
<doc>Catenates the given items together and returns the resulted string.</doc>
<arguments>
<arg>SEPARATOR=</arg>
<arg>Square</arg>
<arg>${row}</arg>
<arg>${col}</arg>
</arguments>
<assign>
<var>${component}</var>
</assign>
<msg level="INFO" timestamp="20180209 15:40:40.949">${component} = Square22</msg>
<status endtime="20180209 15:40:40.949" starttime="20180209 15:40:40.945" status="PASS"></status>
</kw>
<kw library="SwingLibrary" name="Click On Component">
<doc>Clicks on a component.</doc>
<arguments>
<arg>${component}</arg>
</arguments>
<status endtime="20180209 15:40:40.959" starttime="20180209 15:40:40.951" status="PASS"></status>
</kw>
<status endtime="20180209 15:40:40.961" starttime="20180209 15:40:40.942" status="PASS"></status>
</kw>
<kw name="Check Location">
<arguments>
<arg>2</arg>
<arg>2</arg>
<arg>X</arg>
</arguments>
<kw library="BuiltIn" name="Catenate">
<doc>Catenates the given items together and returns the resulted string.</doc>
<arguments>
<arg>SEPARATOR=</arg>
<arg>Square</arg>
<arg>${row}</arg>
<arg>${col}</arg>
</arguments>
<assign>
<var>${component}</var>
</assign>
<msg level="INFO" timestamp="20180209 15:40:40.968">${component} = Square22</msg>
<status endtime="20180209 15:40:40.969" starttime="20180209 15:40:40.965" status="PASS"></status>
</kw>
<kw library="SwingLibrary" name="Get Button Text">
<doc>Uses current context to search for a button and when found, returns the text it is labeled with.</doc>
<arguments>
<arg>${component}</arg>
</arguments>
<assign>
<var>${text}</var>
</assign>
<msg level="INFO" timestamp="20180209 15:40:40.978">${text} = X</msg>
<status endtime="20180209 15:40:40.978" starttime="20180209 15:40:40.970" status="PASS"></status>
</kw>
<kw library="BuiltIn" name="Should Be Equal">
<doc>Fails if the given objects are unequal.</doc>
<arguments>
<arg>${text}</arg>
<arg>${mark}</arg>
</arguments>
<status endtime="20180209 15:40:40.982" starttime="20180209 15:40:40.980" status="PASS"></status>
</kw>
<status endtime="20180209 15:40:40.983" starttime="20180209 15:40:40.962" status="PASS"></status>
</kw>
<kw name="Winner Should Be">
<arguments>
<arg>X</arg>
</arguments>
<kw library="SwingLibrary" name="Get Label Content">
<doc>Returns the text displayed on a label.</doc>
<arguments>
<arg>ResultLabel</arg>
</arguments>
<assign>
<var>${text}</var>
</assign>
<msg level="INFO" timestamp="20180209 15:40:41.006">${text} = X</msg>
<status endtime="20180209 15:40:41.007" starttime="20180209 15:40:40.986" status="PASS"></status>
</kw>
<kw library="BuiltIn" name="Should Be Equal">
<doc>Fails if the given objects are unequal.</doc>
<arguments>
<arg>${text}</arg>
<arg>${winner}</arg>
</arguments>
<status endtime="20180209 15:40:41.011" starttime="20180209 15:40:41.009" status="PASS"></status>
</kw>
<kw library="SwingLibrary" name="Close Window">
<doc>Closes a window.</doc>
<arguments>
<arg>Tic-Tac-Toe</arg>
</arguments>
<status endtime="20180209 15:40:41.188" starttime="20180209 15:40:41.013" status="PASS"></status>
</kw>
<status endtime="20180209 15:40:41.191" starttime="20180209 15:40:40.984" status="PASS"></status>
</kw>
<status critical="yes" endtime="20180209 15:40:41.195" starttime="20180209 15:40:40.196" status="PASS"></status>
</test>
<test name="Win Horizontally as O" id="s1-s1-t2">
<kw name="Start New Game">
<kw library="SwingLibrary" name="Start Application">
<doc>Alias for `Launch Application` keyword</doc>
<arguments>
<arg>edu.jsu.mcis.TicTacToe</arg>
</arguments>
<status endtime="20180209 15:40:41.478" starttime="20180209 15:40:41.451" status="PASS"></status>
</kw>
<kw library="SwingLibrary" name="Select Window">
<doc>Selects a window as current context and sets focus to it.</doc>
<arguments>
<arg>Tic-Tac-Toe</arg>
</arguments>
<status endtime="20180209 15:40:41.545" starttime="20180209 15:40:41.479" status="PASS"></status>
</kw>
<status endtime="20180209 15:40:41.547" starttime="20180209 15:40:41.447" status="PASS"></status>
</kw>
<kw name="Mark Location">
<arguments>
<arg>1</arg>
<arg>1</arg>
</arguments>
<kw library="BuiltIn" name="Catenate">
<doc>Catenates the given items together and returns the resulted string.</doc>
<arguments>
<arg>SEPARATOR=</arg>
<arg>Square</arg>
<arg>${row}</arg>
<arg>${col}</arg>
</arguments>
<assign>
<var>${component}</var>
</assign>
<msg level="INFO" timestamp="20180209 15:40:41.556">${component} = Square11</msg>
<status endtime="20180209 15:40:41.556" starttime="20180209 15:40:41.552" status="PASS"></status>
</kw>
<kw library="SwingLibrary" name="Click On Component">
<doc>Clicks on a component.</doc>
<arguments>
<arg>${component}</arg>
</arguments>
<status endtime="20180209 15:40:41.568" starttime="20180209 15:40:41.558" status="PASS"></status>
</kw>
<status endtime="20180209 15:40:41.569" starttime="20180209 15:40:41.549" status="PASS"></status>
</kw>
<kw name="Check Location">
<arguments>
<arg>1</arg>
<arg>1</arg>
<arg>X</arg>
</arguments>
<kw library="BuiltIn" name="Catenate">
<doc>Catenates the given items together and returns the resulted string.</doc>
<arguments>
<arg>SEPARATOR=</arg>
<arg>Square</arg>
<arg>${row}</arg>
<arg>${col}</arg>
</arguments>
<assign>
<var>${component}</var>
</assign>
<msg level="INFO" timestamp="20180209 15:40:41.577">${component} = Square11</msg>
<status endtime="20180209 15:40:41.577" starttime="20180209 15:40:41.573" status="PASS"></status>
</kw>
<kw library="SwingLibrary" name="Get Button Text">
<doc>Uses current context to search for a button and when found, returns the text it is labeled with.</doc>
<arguments>
<arg>${component}</arg>
</arguments>
<assign>
<var>${text}</var>
</assign>
<msg level="INFO" timestamp="20180209 15:40:41.585">${text} = X</msg>
<status endtime="20180209 15:40:41.586" starttime="20180209 15:40:41.578" status="PASS"></status>
</kw>
<kw library="BuiltIn" name="Should Be Equal">
<doc>Fails if the given objects are unequal.</doc>
<arguments>
<arg>${text}</arg>
<arg>${mark}</arg>
</arguments>
<status endtime="20180209 15:40:41.589" starttime="20180209 15:40:41.587" status="PASS"></status>
</kw>
<status endtime="20180209 15:40:41.590" starttime="20180209 15:40:41.570" status="PASS"></status>
</kw>
<kw name="Mark Location">
<arguments>
<arg>2</arg>
<arg>0</arg>
</arguments>
<kw library="BuiltIn" name="Catenate">
<doc>Catenates the given items together and returns the resulted string.</doc>
<arguments>
<arg>SEPARATOR=</arg>
<arg>Square</arg>
<arg>${row}</arg>
<arg>${col}</arg>
</arguments>
<assign>
<var>${component}</var>
</assign>
<msg level="INFO" timestamp="20180209 15:40:41.597">${component} = Square20</msg>
<status endtime="20180209 15:40:41.597" starttime="20180209 15:40:41.594" status="PASS"></status>
</kw>
<kw library="SwingLibrary" name="Click On Component">
<doc>Clicks on a component.</doc>
<arguments>
<arg>${component}</arg>
</arguments>
<status endtime="20180209 15:40:41.606" starttime="20180209 15:40:41.598" status="PASS"></status>
</kw>
<status endtime="20180209 15:40:41.607" starttime="20180209 15:40:41.591" status="PASS"></status>
</kw>
<kw name="Check Location">
<arguments>
<arg>2</arg>
<arg>0</arg>
<arg>O</arg>
</arguments>
<kw library="BuiltIn" name="Catenate">
<doc>Catenates the given items together and returns the resulted string.</doc>
<arguments>
<arg>SEPARATOR=</arg>
<arg>Square</arg>
<arg>${row}</arg>
<arg>${col}</arg>
</arguments>
<assign>
<var>${component}</var>
</assign>
<msg level="INFO" timestamp="20180209 15:40:41.615">${component} = Square20</msg>
<status endtime="20180209 15:40:41.616" starttime="20180209 15:40:41.611" status="PASS"></status>
</kw>
<kw library="SwingLibrary" name="Get Button Text">
<doc>Uses current context to search for a button and when found, returns the text it is labeled with.</doc>
<arguments>
<arg>${component}</arg>
</arguments>
<assign>
<var>${text}</var>
</assign>
<msg level="INFO" timestamp="20180209 15:40:41.625">${text} = O</msg>
<status endtime="20180209 15:40:41.626" starttime="20180209 15:40:41.617" status="PASS"></status>
</kw>
<kw library="BuiltIn" name="Should Be Equal">
<doc>Fails if the given objects are unequal.</doc>
<arguments>
<arg>${text}</arg>
<arg>${mark}</arg>
</arguments>
<status endtime="20180209 15:40:41.630" starttime="20180209 15:40:41.627" status="PASS"></status>
</kw>
<status endtime="20180209 15:40:41.631" starttime="20180209 15:40:41.608" status="PASS"></status>
</kw>
<kw name="Mark Location">
<arguments>
<arg>0</arg>
<arg>0</arg>
</arguments>
<kw library="BuiltIn" name="Catenate">
<doc>Catenates the given items together and returns the resulted string.</doc>
<arguments>
<arg>SEPARATOR=</arg>
<arg>Square</arg>
<arg>${row}</arg>
<arg>${col}</arg>
</arguments>
<assign>
<var>${component}</var>
</assign>
<msg level="INFO" timestamp="20180209 15:40:41.639">${component} = Square00</msg>
<status endtime="20180209 15:40:41.639" starttime="20180209 15:40:41.634" status="PASS"></status>
</kw>
<kw library="SwingLibrary" name="Click On Component">
<doc>Clicks on a component.</doc>
<arguments>
<arg>${component}</arg>
</arguments>
<status endtime="20180209 15:40:41.650" starttime="20180209 15:40:41.640" status="PASS"></status>
</kw>
<status endtime="20180209 15:40:41.651" starttime="20180209 15:40:41.632" status="PASS"></status>
</kw>
<kw name="Check Location">
<arguments>
<arg>0</arg>
<arg>0</arg>
<arg>X</arg>
</arguments>
<kw library="BuiltIn" name="Catenate">
<doc>Catenates the given items together and returns the resulted string.</doc>
<arguments>
<arg>SEPARATOR=</arg>
<arg>Square</arg>
<arg>${row}</arg>
<arg>${col}</arg>
</arguments>
<assign>
<var>${component}</var>
</assign>
<msg level="INFO" timestamp="20180209 15:40:41.659">${component} = Square00</msg>
<status endtime="20180209 15:40:41.660" starttime="20180209 15:40:41.656" status="PASS"></status>
</kw>
<kw library="SwingLibrary" name="Get Button Text">
<doc>Uses current context to search for a button and when found, returns the text it is labeled with.</doc>
<arguments>
<arg>${component}</arg>
</arguments>
<assign>
<var>${text}</var>
</assign>
<msg level="INFO" timestamp="20180209 15:40:41.665">${text} = X</msg>
<status endtime="20180209 15:40:41.665" starttime="20180209 15:40:41.660" status="PASS"></status>
</kw>
<kw library="BuiltIn" name="Should Be Equal">
<doc>Fails if the given objects are unequal.</doc>
<arguments>
<arg>${text}</arg>
<arg>${mark}</arg>
</arguments>
<status endtime="20180209 15:40:41.668" starttime="20180209 15:40:41.666" status="PASS"></status>
</kw>
<status endtime="20180209 15:40:41.669" starttime="20180209 15:40:41.653" status="PASS"></status>
</kw>
<kw name="Mark Location">
<arguments>
<arg>2</arg>
<arg>2</arg>
</arguments>
<kw library="BuiltIn" name="Catenate">
<doc>Catenates the given items together and returns the resulted string.</doc>
<arguments>
<arg>SEPARATOR=</arg>
<arg>Square</arg>
<arg>${row}</arg>
<arg>${col}</arg>
</arguments>
<assign>
<var>${component}</var>
</assign>
<msg level="INFO" timestamp="20180209 15:40:41.676">${component} = Square22</msg>
<status endtime="20180209 15:40:41.676" starttime="20180209 15:40:41.672" status="PASS"></status>
</kw>
<kw library="SwingLibrary" name="Click On Component">
<doc>Clicks on a component.</doc>
<arguments>
<arg>${component}</arg>
</arguments>
<status endtime="20180209 15:40:41.687" starttime="20180209 15:40:41.678" status="PASS"></status>
</kw>
<status endtime="20180209 15:40:41.689" starttime="20180209 15:40:41.670" status="PASS"></status>
</kw>
<kw name="Check Location">
<arguments>
<arg>2</arg>
<arg>2</arg>
<arg>O</arg>
</arguments>
<kw library="BuiltIn" name="Catenate">
<doc>Catenates the given items together and returns the resulted string.</doc>
<arguments>
<arg>SEPARATOR=</arg>
<arg>Square</arg>
<arg>${row}</arg>
<arg>${col}</arg>
</arguments>
<assign>
<var>${component}</var>
</assign>
<msg level="INFO" timestamp="20180209 15:40:41.696">${component} = Square22</msg>
<status endtime="20180209 15:40:41.697" starttime="20180209 15:40:41.692" status="PASS"></status>
</kw>
<kw library="SwingLibrary" name="Get Button Text">
<doc>Uses current context to search for a button and when found, returns the text it is labeled with.</doc>
<arguments>
<arg>${component}</arg>
</arguments>
<assign>
<var>${text}</var>
</assign>
<msg level="INFO" timestamp="20180209 15:40:41.706">${text} = O</msg>
<status endtime="20180209 15:40:41.707" starttime="20180209 15:40:41.698" status="PASS"></status>
</kw>
<kw library="BuiltIn" name="Should Be Equal">
<doc>Fails if the given objects are unequal.</doc>
<arguments>
<arg>${text}</arg>
<arg>${mark}</arg>
</arguments>
<status endtime="20180209 15:40:41.710" starttime="20180209 15:40:41.707" status="PASS"></status>
</kw>
<status endtime="20180209 15:40:41.711" starttime="20180209 15:40:41.690" status="PASS"></status>
</kw>
<kw name="Mark Location">
<arguments>
<arg>0</arg>
<arg>2</arg>
</arguments>
<kw library="BuiltIn" name="Catenate">
<doc>Catenates the given items together and returns the resulted string.</doc>
<arguments>
<arg>SEPARATOR=</arg>
<arg>Square</arg>
<arg>${row}</arg>
<arg>${col}</arg>
</arguments>
<assign>
<var>${component}</var>
</assign>
<msg level="INFO" timestamp="20180209 15:40:41.718">${component} = Square02</msg>
<status endtime="20180209 15:40:41.718" starttime="20180209 15:40:41.715" status="PASS"></status>
</kw>
<kw library="SwingLibrary" name="Click On Component">
<doc>Clicks on a component.</doc>
<arguments>
<arg>${component}</arg>
</arguments>
<status endtime="20180209 15:40:41.729" starttime="20180209 15:40:41.719" status="PASS"></status>
</kw>
<status endtime="20180209 15:40:41.730" starttime="20180209 15:40:41.712" status="PASS"></status>
</kw>
<kw name="Check Location">
<arguments>
<arg>0</arg>
<arg>2</arg>
<arg>X</arg>
</arguments>
<kw library="BuiltIn" name="Catenate">
<doc>Catenates the given items together and returns the resulted string.</doc>
<arguments>
<arg>SEPARATOR=</arg>
<arg>Square</arg>
<arg>${row}</arg>
<arg>${col}</arg>
</arguments>
<assign>
<var>${component}</var>
</assign>
<msg level="INFO" timestamp="20180209 15:40:41.738">${component} = Square02</msg>
<status endtime="20180209 15:40:41.738" starttime="20180209 15:40:41.734" status="PASS"></status>
</kw>
<kw library="SwingLibrary" name="Get Button Text">
<doc>Uses current context to search for a button and when found, returns the text it is labeled with.</doc>
<arguments>
<arg>${component}</arg>
</arguments>
<assign>
<var>${text}</var>
</assign>
<msg level="INFO" timestamp="20180209 15:40:41.744">${text} = X</msg>
<status endtime="20180209 15:40:41.745" starttime="20180209 15:40:41.739" status="PASS"></status>
</kw>
<kw library="BuiltIn" name="Should Be Equal">
<doc>Fails if the given objects are unequal.</doc>
<arguments>
<arg>${text}</arg>
<arg>${mark}</arg>
</arguments>
<status endtime="20180209 15:40:41.749" starttime="20180209 15:40:41.746" status="PASS"></status>
</kw>
<status endtime="20180209 15:40:41.750" starttime="20180209 15:40:41.731" status="PASS"></status>
</kw>
<kw name="Mark Location">
<arguments>
<arg>2</arg>
<arg>1</arg>
</arguments>
<kw library="BuiltIn" name="Catenate">
<doc>Catenates the given items together and returns the resulted string.</doc>
<arguments>
<arg>SEPARATOR=</arg>
<arg>Square</arg>
<arg>${row}</arg>
<arg>${col}</arg>
</arguments>
<assign>
<var>${component}</var>
</assign>
<msg level="INFO" timestamp="20180209 15:40:41.755">${component} = Square21</msg>
<status endtime="20180209 15:40:41.756" starttime="20180209 15:40:41.753" status="PASS"></status>
</kw>
<kw library="SwingLibrary" name="Click On Component">
<doc>Clicks on a component.</doc>
<arguments>
<arg>${component}</arg>
</arguments>
<status endtime="20180209 15:40:41.764" starttime="20180209 15:40:41.757" status="PASS"></status>
</kw>
<status endtime="20180209 15:40:41.766" starttime="20180209 15:40:41.751" status="PASS"></status>
</kw>
<kw name="Check Location">
<arguments>
<arg>2</arg>
<arg>1</arg>
<arg>O</arg>
</arguments>
<kw library="BuiltIn" name="Catenate">
<doc>Catenates the given items together and returns the resulted string.</doc>
<arguments>
<arg>SEPARATOR=</arg>
<arg>Square</arg>
<arg>${row}</arg>
<arg>${col}</arg>
</arguments>
<assign>
<var>${component}</var>
</assign>
<msg level="INFO" timestamp="20180209 15:40:41.773">${component} = Square21</msg>
<status endtime="20180209 15:40:41.773" starttime="20180209 15:40:41.769" status="PASS"></status>
</kw>
<kw library="SwingLibrary" name="Get Button Text">
<doc>Uses current context to search for a button and when found, returns the text it is labeled with.</doc>
<arguments>
<arg>${component}</arg>
</arguments>
<assign>
<var>${text}</var>
</assign>
<msg level="INFO" timestamp="20180209 15:40:41.782">${text} = O</msg>
<status endtime="20180209 15:40:41.782" starttime="20180209 15:40:41.774" status="PASS"></status>
</kw>
<kw library="BuiltIn" name="Should Be Equal">
<doc>Fails if the given objects are unequal.</doc>
<arguments>
<arg>${text}</arg>
<arg>${mark}</arg>
</arguments>
<status endtime="20180209 15:40:41.785" starttime="20180209 15:40:41.783" status="PASS"></status>
</kw>
<status endtime="20180209 15:40:41.786" starttime="20180209 15:40:41.767" status="PASS"></status>
</kw>
<kw name="Winner Should Be">
<arguments>
<arg>O</arg>
</arguments>
<kw library="SwingLibrary" name="Get Label Content">
<doc>Returns the text displayed on a label.</doc>
<arguments>
<arg>ResultLabel</arg>
</arguments>
<assign>
<var>${text}</var>
</assign>
<msg level="INFO" timestamp="20180209 15:40:41.795">${text} = O</msg>
<status endtime="20180209 15:40:41.796" starttime="20180209 15:40:41.789" status="PASS"></status>
</kw>
<kw library="BuiltIn" name="Should Be Equal">
<doc>Fails if the given objects are unequal.</doc>
<arguments>
<arg>${text}</arg>
<arg>${winner}</arg>
</arguments>
<status endtime="20180209 15:40:41.801" starttime="20180209 15:40:41.797" status="PASS"></status>
</kw>
<kw library="SwingLibrary" name="Close Window">
<doc>Closes a window.</doc>
<arguments>
<arg>Tic-Tac-Toe</arg>
</arguments>
<status endtime="20180209 15:40:41.969" starttime="20180209 15:40:41.803" status="PASS"></status>
</kw>
<status endtime="20180209 15:40:41.972" starttime="20180209 15:40:41.787" status="PASS"></status>
</kw>
<status critical="yes" endtime="20180209 15:40:41.974" starttime="20180209 15:40:41.202" status="PASS"></status>
</test>
<test name="Force a Tie" id="s1-s1-t3">
<kw name="Start New Game">
<kw library="SwingLibrary" name="Start Application">
<doc>Alias for `Launch Application` keyword</doc>
<arguments>
<arg>edu.jsu.mcis.TicTacToe</arg>
</arguments>
<status endtime="20180209 15:40:42.024" starttime="20180209 15:40:41.997" status="PASS"></status>
</kw>
<kw library="SwingLibrary" name="Select Window">
<doc>Selects a window as current context and sets focus to it.</doc>
<arguments>
<arg>Tic-Tac-Toe</arg>
</arguments>
<status endtime="20180209 15:40:42.046" starttime="20180209 15:40:42.026" status="PASS"></status>
</kw>
<status endtime="20180209 15:40:42.047" starttime="20180209 15:40:41.987" status="PASS"></status>
</kw>
<kw name="Mark Location">
<arguments>
<arg>1</arg>
<arg>1</arg>
</arguments>
<kw library="BuiltIn" name="Catenate">
<doc>Catenates the given items together and returns the resulted string.</doc>
<arguments>
<arg>SEPARATOR=</arg>
<arg>Square</arg>
<arg>${row}</arg>
<arg>${col}</arg>
</arguments>
<assign>
<var>${component}</var>
</assign>
<msg level="INFO" timestamp="20180209 15:40:42.055">${component} = Square11</msg>
<status endtime="20180209 15:40:42.055" starttime="20180209 15:40:42.051" status="PASS"></status>
</kw>
<kw library="SwingLibrary" name="Click On Component">
<doc>Clicks on a component.</doc>
<arguments>
<arg>${component}</arg>
</arguments>
<status endtime="20180209 15:40:42.083" starttime="20180209 15:40:42.056" status="PASS"></status>
</kw>
<status endtime="20180209 15:40:42.084" starttime="20180209 15:40:42.049" status="PASS"></status>
</kw>
<kw name="Check Location">
<arguments>
<arg>1</arg>
<arg>1</arg>
<arg>X</arg>
</arguments>
<kw library="BuiltIn" name="Catenate">
<doc>Catenates the given items together and returns the resulted string.</doc>
<arguments>
<arg>SEPARATOR=</arg>
<arg>Square</arg>
<arg>${row}</arg>
<arg>${col}</arg>
</arguments>
<assign>
<var>${component}</var>
</assign>
<msg level="INFO" timestamp="20180209 15:40:42.092">${component} = Square11</msg>
<status endtime="20180209 15:40:42.093" starttime="20180209 15:40:42.088" status="PASS"></status>
</kw>
<kw library="SwingLibrary" name="Get Button Text">
<doc>Uses current context to search for a button and when found, returns the text it is labeled with.</doc>
<arguments>
<arg>${component}</arg>
</arguments>
<assign>
<var>${text}</var>
</assign>
<msg level="INFO" timestamp="20180209 15:40:42.104">${text} = X</msg>
<status endtime="20180209 15:40:42.105" starttime="20180209 15:40:42.094" status="PASS"></status>
</kw>
<kw library="BuiltIn" name="Should Be Equal">
<doc>Fails if the given objects are unequal.</doc>
<arguments>
<arg>${text}</arg>
<arg>${mark}</arg>
</arguments>
<status endtime="20180209 15:40:42.112" starttime="20180209 15:40:42.106" status="PASS"></status>
</kw>
<status endtime="20180209 15:40:42.113" starttime="20180209 15:40:42.085" status="PASS"></status>
</kw>
<kw name="Mark Location">
<arguments>
<arg>0</arg>
<arg>0</arg>
</arguments>
<kw library="BuiltIn" name="Catenate">
<doc>Catenates the given items together and returns the resulted string.</doc>
<arguments>
<arg>SEPARATOR=</arg>
<arg>Square</arg>
<arg>${row}</arg>
<arg>${col}</arg>
</arguments>
<assign>
<var>${component}</var>
</assign>
<msg level="INFO" timestamp="20180209 15:40:42.121">${component} = Square00</msg>
<status endtime="20180209 15:40:42.121" starttime="20180209 15:40:42.117" status="PASS"></status>
</kw>
<kw library="SwingLibrary" name="Click On Component">
<doc>Clicks on a component.</doc>
<arguments>
<arg>${component}</arg>
</arguments>
<status endtime="20180209 15:40:42.131" starttime="20180209 15:40:42.122" status="PASS"></status>
</kw>
<status endtime="20180209 15:40:42.132" starttime="20180209 15:40:42.114" status="PASS"></status>
</kw>
<kw name="Check Location">
<arguments>
<arg>0</arg>
<arg>0</arg>
<arg>O</arg>
</arguments>
<kw library="BuiltIn" name="Catenate">
<doc>Catenates the given items together and returns the resulted string.</doc>
<arguments>
<arg>SEPARATOR=</arg>
<arg>Square</arg>
<arg>${row}</arg>
<arg>${col}</arg>
</arguments>
<assign>
<var>${component}</var>
</assign>
<msg level="INFO" timestamp="20180209 15:40:42.140">${component} = Square00</msg>
<status endtime="20180209 15:40:42.140" starttime="20180209 15:40:42.137" status="PASS"></status>
</kw>
<kw library="SwingLibrary" name="Get Button Text">
<doc>Uses current context to search for a button and when found, returns the text it is labeled with.</doc>
<arguments>
<arg>${component}</arg>
</arguments>
<assign>
<var>${text}</var>
</assign>
<msg level="INFO" timestamp="20180209 15:40:42.148">${text} = O</msg>
<status endtime="20180209 15:40:42.148" starttime="20180209 15:40:42.141" status="PASS"></status>
</kw>
<kw library="BuiltIn" name="Should Be Equal">
<doc>Fails if the given objects are unequal.</doc>
<arguments>
<arg>${text}</arg>
<arg>${mark}</arg>
</arguments>
<status endtime="20180209 15:40:42.153" starttime="20180209 15:40:42.149" status="PASS"></status>
</kw>
<status endtime="20180209 15:40:42.154" starttime="20180209 15:40:42.134" status="PASS"></status>
</kw>
<kw name="Mark Location">
<arguments>
<arg>2</arg>
<arg>0</arg>
</arguments>
<kw library="BuiltIn" name="Catenate">
<doc>Catenates the given items together and returns the resulted string.</doc>
<arguments>
<arg>SEPARATOR=</arg>
<arg>Square</arg>
<arg>${row}</arg>
<arg>${col}</arg>
</arguments>
<assign>
<var>${component}</var>
</assign>
<msg level="INFO" timestamp="20180209 15:40:42.161">${component} = Square20</msg>
<status endtime="20180209 15:40:42.162" starttime="20180209 15:40:42.158" status="PASS"></status>
</kw>
<kw library="SwingLibrary" name="Click On Component">
<doc>Clicks on a component.</doc>
<arguments>
<arg>${component}</arg>
</arguments>
<status endtime="20180209 15:40:42.174" starttime="20180209 15:40:42.163" status="PASS"></status>
</kw>
<status endtime="20180209 15:40:42.176" starttime="20180209 15:40:42.155" status="PASS"></status>
</kw>
<kw name="Check Location">
<arguments>
<arg>2</arg>
<arg>0</arg>
<arg>X</arg>
</arguments>
<kw library="BuiltIn" name="Catenate">
<doc>Catenates the given items together and returns the resulted string.</doc>
<arguments>
<arg>SEPARATOR=</arg>
<arg>Square</arg>
<arg>${row}</arg>
<arg>${col}</arg>
</arguments>
<assign>
<var>${component}</var>
</assign>
<msg level="INFO" timestamp="20180209 15:40:42.183">${component} = Square20</msg>
<status endtime="20180209 15:40:42.184" starttime="20180209 15:40:42.180" status="PASS"></status>
</kw>
<kw library="SwingLibrary" name="Get Button Text">
<doc>Uses current context to search for a button and when found, returns the text it is labeled with.</doc>
<arguments>
<arg>${component}</arg>
</arguments>
<assign>
<var>${text}</var>
</assign>
<msg level="INFO" timestamp="20180209 15:40:42.193">${text} = X</msg>
<status endtime="20180209 15:40:42.195" starttime="20180209 15:40:42.185" status="PASS"></status>
</kw>
<kw library="BuiltIn" name="Should Be Equal">
<doc>Fails if the given objects are unequal.</doc>
<arguments>
<arg>${text}</arg>
<arg>${mark}</arg>
</arguments>
<status endtime="20180209 15:40:42.199" starttime="20180209 15:40:42.196" status="PASS"></status>
</kw>
<status endtime="20180209 15:40:42.200" starttime="20180209 15:40:42.177" status="PASS"></status>
</kw>
<kw name="Mark Location">
<arguments>
<arg>0</arg>
<arg>2</arg>
</arguments>
<kw library="BuiltIn" name="Catenate">
<doc>Catenates the given items together and returns the resulted string.</doc>
<arguments>
<arg>SEPARATOR=</arg>
<arg>Square</arg>
<arg>${row}</arg>
<arg>${col}</arg>
</arguments>
<assign>
<var>${component}</var>
</assign>
<msg level="INFO" timestamp="20180209 15:40:42.205">${component} = Square02</msg>
<status endtime="20180209 15:40:42.206" starttime="20180209 15:40:42.203" status="PASS"></status>
</kw>
<kw library="SwingLibrary" name="Click On Component">
<doc>Clicks on a component.</doc>
<arguments>
<arg>${component}</arg>
</arguments>
<status endtime="20180209 15:40:42.216" starttime="20180209 15:40:42.207" status="PASS"></status>
</kw>
<status endtime="20180209 15:40:42.217" starttime="20180209 15:40:42.200" status="PASS"></status>
</kw>
<kw name="Check Location">
<arguments>
<arg>0</arg>
<arg>2</arg>
<arg>O</arg>
</arguments>
<kw library="BuiltIn" name="Catenate">
<doc>Catenates the given items together and returns the resulted string.</doc>
<arguments>
<arg>SEPARATOR=</arg>
<arg>Square</arg>
<arg>${row}</arg>
<arg>${col}</arg>
</arguments>
<assign>
<var>${component}</var>
</assign>
<msg level="INFO" timestamp="20180209 15:40:42.224">${component} = Square02</msg>
<status endtime="20180209 15:40:42.225" starttime="20180209 15:40:42.220" status="PASS"></status>
</kw>
<kw library="SwingLibrary" name="Get Button Text">
<doc>Uses current context to search for a button and when found, returns the text it is labeled with.</doc>
<arguments>
<arg>${component}</arg>
</arguments>
<assign>
<var>${text}</var>
</assign>
<msg level="INFO" timestamp="20180209 15:40:42.232">${text} = O</msg>
<status endtime="20180209 15:40:42.233" starttime="20180209 15:40:42.226" status="PASS"></status>
</kw>
<kw library="BuiltIn" name="Should Be Equal">
<doc>Fails if the given objects are unequal.</doc>
<arguments>
<arg>${text}</arg>
<arg>${mark}</arg>
</arguments>
<status endtime="20180209 15:40:42.236" starttime="20180209 15:40:42.234" status="PASS"></status>
</kw>
<status endtime="20180209 15:40:42.237" starttime="20180209 15:40:42.218" status="PASS"></status>
</kw>
<kw name="Mark Location">
<arguments>
<arg>0</arg>
<arg>1</arg>
</arguments>
<kw library="BuiltIn" name="Catenate">
<doc>Catenates the given items together and returns the resulted string.</doc>
<arguments>
<arg>SEPARATOR=</arg>
<arg>Square</arg>
<arg>${row}</arg>
<arg>${col}</arg>
</arguments>
<assign>
<var>${component}</var>
</assign>
<msg level="INFO" timestamp="20180209 15:40:42.243">${component} = Square01</msg>
<status endtime="20180209 15:40:42.244" starttime="20180209 15:40:42.240" status="PASS"></status>
</kw>
<kw library="SwingLibrary" name="Click On Component">
<doc>Clicks on a component.</doc>
<arguments>
<arg>${component}</arg>
</arguments>
<status endtime="20180209 15:40:42.253" starttime="20180209 15:40:42.245" status="PASS"></status>
</kw>
<status endtime="20180209 15:40:42.255" starttime="20180209 15:40:42.238" status="PASS"></status>
</kw>
<kw name="Check Location">
<arguments>
<arg>0</arg>
<arg>1</arg>
<arg>X</arg>
</arguments>
<kw library="BuiltIn" name="Catenate">
<doc>Catenates the given items together and returns the resulted string.</doc>
<arguments>
<arg>SEPARATOR=</arg>
<arg>Square</arg>
<arg>${row}</arg>
<arg>${col}</arg>
</arguments>
<assign>
<var>${component}</var>
</assign>
<msg level="INFO" timestamp="20180209 15:40:42.261">${component} = Square01</msg>
<status endtime="20180209 15:40:42.262" starttime="20180209 15:40:42.259" status="PASS"></status>
</kw>
<kw library="SwingLibrary" name="Get Button Text">
<doc>Uses current context to search for a button and when found, returns the text it is labeled with.</doc>
<arguments>
<arg>${component}</arg>
</arguments>
<assign>
<var>${text}</var>
</assign>
<msg level="INFO" timestamp="20180209 15:40:42.271">${text} = X</msg>
<status endtime="20180209 15:40:42.271" starttime="20180209 15:40:42.263" status="PASS"></status>
</kw>
<kw library="BuiltIn" name="Should Be Equal">
<doc>Fails if the given objects are unequal.</doc>
<arguments>
<arg>${text}</arg>
<arg>${mark}</arg>
</arguments>
<status endtime="20180209 15:40:42.275" starttime="20180209 15:40:42.272" status="PASS"></status>
</kw>
<status endtime="20180209 15:40:42.276" starttime="20180209 15:40:42.256" status="PASS"></status>
</kw>
<kw name="Mark Location">
<arguments>
<arg>2</arg>
<arg>1</arg>
</arguments>
<kw library="BuiltIn" name="Catenate">
<doc>Catenates the given items together and returns the resulted string.</doc>
<arguments>
<arg>SEPARATOR=</arg>
<arg>Square</arg>
<arg>${row}</arg>
<arg>${col}</arg>
</arguments>
<assign>
<var>${component}</var>
</assign>
<msg level="INFO" timestamp="20180209 15:40:42.282">${component} = Square21</msg>
<status endtime="20180209 15:40:42.282" starttime="20180209 15:40:42.279" status="PASS"></status>
</kw>
<kw library="SwingLibrary" name="Click On Component">
<doc>Clicks on a component.</doc>
<arguments>
<arg>${component}</arg>
</arguments>
<status endtime="20180209 15:40:42.291" starttime="20180209 15:40:42.283" status="PASS"></status>
</kw>
<status endtime="20180209 15:40:42.292" starttime="20180209 15:40:42.277" status="PASS"></status>
</kw>
<kw name="Check Location">
<arguments>
<arg>2</arg>
<arg>1</arg>
<arg>O</arg>
</arguments>
<kw library="BuiltIn" name="Catenate">
<doc>Catenates the given items together and returns the resulted string.</doc>
<arguments>
<arg>SEPARATOR=</arg>
<arg>Square</arg>
<arg>${row}</arg>
<arg>${col}</arg>
</arguments>
<assign>
<var>${component}</var>
</assign>
<msg level="INFO" timestamp="20180209 15:40:42.300">${component} = Square21</msg>
<status endtime="20180209 15:40:42.301" starttime="20180209 15:40:42.296" status="PASS"></status>
</kw>
<kw library="SwingLibrary" name="Get Button Text">
<doc>Uses current context to search for a button and when found, returns the text it is labeled with.</doc>
<arguments>
<arg>${component}</arg>
</arguments>
<assign>
<var>${text}</var>
</assign>
<msg level="INFO" timestamp="20180209 15:40:42.311">${text} = O</msg>
<status endtime="20180209 15:40:42.312" starttime="20180209 15:40:42.302" status="PASS"></status>
</kw>
<kw library="BuiltIn" name="Should Be Equal">
<doc>Fails if the given objects are unequal.</doc>
<arguments>
<arg>${text}</arg>
<arg>${mark}</arg>
</arguments>
<status endtime="20180209 15:40:42.316" starttime="20180209 15:40:42.313" status="PASS"></status>
</kw>
<status endtime="20180209 15:40:42.317" starttime="20180209 15:40:42.294" status="PASS"></status>
</kw>
<kw name="Mark Location">
<arguments>
<arg>1</arg>
<arg>2</arg>
</arguments>
<kw library="BuiltIn" name="Catenate">
<doc>Catenates the given items together and returns the resulted string.</doc>
<arguments>
<arg>SEPARATOR=</arg>
<arg>Square</arg>
<arg>${row}</arg>
<arg>${col}</arg>
</arguments>
<assign>
<var>${component}</var>
</assign>
<msg level="INFO" timestamp="20180209 15:40:42.325">${component} = Square12</msg>
<status endtime="20180209 15:40:42.325" starttime="20180209 15:40:42.321" status="PASS"></status>
</kw>
<kw library="SwingLibrary" name="Click On Component">
<doc>Clicks on a component.</doc>
<arguments>
<arg>${component}</arg>
</arguments>
<status endtime="20180209 15:40:42.334" starttime="20180209 15:40:42.326" status="PASS"></status>
</kw>
<status endtime="20180209 15:40:42.337" starttime="20180209 15:40:42.318" status="PASS"></status>
</kw>
<kw name="Check Location">
<arguments>
<arg>1</arg>
<arg>2</arg>
<arg>X</arg>
</arguments>
<kw library="BuiltIn" name="Catenate">
<doc>Catenates the given items together and returns the resulted string.</doc>
<arguments>
<arg>SEPARATOR=</arg>
<arg>Square</arg>
<arg>${row}</arg>
<arg>${col}</arg>
</arguments>
<assign>
<var>${component}</var>
</assign>
<msg level="INFO" timestamp="20180209 15:40:42.344">${component} = Square12</msg>
<status endtime="20180209 15:40:42.345" starttime="20180209 15:40:42.341" status="PASS"></status>
</kw>
<kw library="SwingLibrary" name="Get Button Text">
<doc>Uses current context to search for a button and when found, returns the text it is labeled with.</doc>
<arguments>
<arg>${component}</arg>
</arguments>
<assign>
<var>${text}</var>
</assign>
<msg level="INFO" timestamp="20180209 15:40:42.354">${text} = X</msg>
<status endtime="20180209 15:40:42.354" starttime="20180209 15:40:42.346" status="PASS"></status>
</kw>
<kw library="BuiltIn" name="Should Be Equal">
<doc>Fails if the given objects are unequal.</doc>
<arguments>
<arg>${text}</arg>
<arg>${mark}</arg>
</arguments>
<status endtime="20180209 15:40:42.358" starttime="20180209 15:40:42.355" status="PASS"></status>
</kw>
<status endtime="20180209 15:40:42.359" starttime="20180209 15:40:42.338" status="PASS"></status>
</kw>
<kw name="Mark Location">
<arguments>
<arg>1</arg>
<arg>0</arg>
</arguments>
<kw library="BuiltIn" name="Catenate">
<doc>Catenates the given items together and returns the resulted string.</doc>
<arguments>
<arg>SEPARATOR=</arg>
<arg>Square</arg>
<arg>${row}</arg>
<arg>${col}</arg>
</arguments>
<assign>
<var>${component}</var>
</assign>
<msg level="INFO" timestamp="20180209 15:40:42.367">${component} = Square10</msg>
<status endtime="20180209 15:40:42.368" starttime="20180209 15:40:42.364" status="PASS"></status>
</kw>
<kw library="SwingLibrary" name="Click On Component">
<doc>Clicks on a component.</doc>
<arguments>
<arg>${component}</arg>
</arguments>
<status endtime="20180209 15:40:42.378" starttime="20180209 15:40:42.369" status="PASS"></status>
</kw>
<status endtime="20180209 15:40:42.380" starttime="20180209 15:40:42.360" status="PASS"></status>
</kw>
<kw name="Check Location">
<arguments>
<arg>1</arg>
<arg>0</arg>
<arg>O</arg>
</arguments>
<kw library="BuiltIn" name="Catenate">
<doc>Catenates the given items together and returns the resulted string.</doc>
<arguments>
<arg>SEPARATOR=</arg>
<arg>Square</arg>
<arg>${row}</arg>
<arg>${col}</arg>
</arguments>
<assign>
<var>${component}</var>
</assign>
<msg level="INFO" timestamp="20180209 15:40:42.388">${component} = Square10</msg>
<status endtime="20180209 15:40:42.389" starttime="20180209 15:40:42.384" status="PASS"></status>
</kw>
<kw library="SwingLibrary" name="Get Button Text">
<doc>Uses current context to search for a button and when found, returns the text it is labeled with.</doc>
<arguments>
<arg>${component}</arg>
</arguments>
<assign>
<var>${text}</var>
</assign>
<msg level="INFO" timestamp="20180209 15:40:42.397">${text} = O</msg>
<status endtime="20180209 15:40:42.398" starttime="20180209 15:40:42.390" status="PASS"></status>
</kw>
<kw library="BuiltIn" name="Should Be Equal">
<doc>Fails if the given objects are unequal.</doc>
<arguments>
<arg>${text}</arg>
<arg>${mark}</arg>
</arguments>
<status endtime="20180209 15:40:42.402" starttime="20180209 15:40:42.399" status="PASS"></status>
</kw>
<status endtime="20180209 15:40:42.403" starttime="20180209 15:40:42.382" status="PASS"></status>
</kw>
<kw name="Mark Location">
<arguments>
<arg>2</arg>
<arg>2</arg>
</arguments>
<kw library="BuiltIn" name="Catenate">
<doc>Catenates the given items together and returns the resulted string.</doc>
<arguments>
<arg>SEPARATOR=</arg>
<arg>Square</arg>
<arg>${row}</arg>
<arg>${col}</arg>
</arguments>
<assign>
<var>${component}</var>
</assign>
<msg level="INFO" timestamp="20180209 15:40:42.411">${component} = Square22</msg>
<status endtime="20180209 15:40:42.413" starttime="20180209 15:40:42.406" status="PASS"></status>
</kw>
<kw library="SwingLibrary" name="Click On Component">
<doc>Clicks on a component.</doc>
<arguments>
<arg>${component}</arg>
</arguments>
<status endtime="20180209 15:40:42.421" starttime="20180209 15:40:42.413" status="PASS"></status>
</kw>
<status endtime="20180209 15:40:42.423" starttime="20180209 15:40:42.404" status="PASS"></status>
</kw>
<kw name="Check Location">
<arguments>
<arg>2</arg>
<arg>2</arg>
<arg>X</arg>
</arguments>
<kw library="BuiltIn" name="Catenate">
<doc>Catenates the given items together and returns the resulted string.</doc>
<arguments>
<arg>SEPARATOR=</arg>
<arg>Square</arg>
<arg>${row}</arg>
<arg>${col}</arg>
</arguments>
<assign>
<var>${component}</var>
</assign>
<msg level="INFO" timestamp="20180209 15:40:42.430">${component} = Square22</msg>
<status endtime="20180209 15:40:42.431" starttime="20180209 15:40:42.427" status="PASS"></status>
</kw>
<kw library="SwingLibrary" name="Get Button Text">
<doc>Uses current context to search for a button and when found, returns the text it is labeled with.</doc>
<arguments>
<arg>${component}</arg>
</arguments>
<assign>
<var>${text}</var>
</assign>
<msg level="INFO" timestamp="20180209 15:40:42.441">${text} = X</msg>
<status endtime="20180209 15:40:42.441" starttime="20180209 15:40:42.432" status="PASS"></status>
</kw>
<kw library="BuiltIn" name="Should Be Equal">
<doc>Fails if the given objects are unequal.</doc>
<arguments>
<arg>${text}</arg>
<arg>${mark}</arg>
</arguments>
<status endtime="20180209 15:40:42.445" starttime="20180209 15:40:42.442" status="PASS"></status>
</kw>
<status endtime="20180209 15:40:42.446" starttime="20180209 15:40:42.424" status="PASS"></status>
</kw>
<kw name="Winner Should Be">
<arguments>
<arg>TIE</arg>
</arguments>
<kw library="SwingLibrary" name="Get Label Content">
<doc>Returns the text displayed on a label.</doc>
<arguments>
<arg>ResultLabel</arg>
</arguments>
<assign>
<var>${text}</var>
</assign>
<msg level="INFO" timestamp="20180209 15:40:42.454">${text} = TIE</msg>
<status endtime="20180209 15:40:42.455" starttime="20180209 15:40:42.450" status="PASS"></status>
</kw>
<kw library="BuiltIn" name="Should Be Equal">
<doc>Fails if the given objects are unequal.</doc>
<arguments>
<arg>${text}</arg>
<arg>${winner}</arg>
</arguments>
<status endtime="20180209 15:40:42.458" starttime="20180209 15:40:42.456" status="PASS"></status>
</kw>
<kw library="SwingLibrary" name="Close Window">
<doc>Closes a window.</doc>
<arguments>
<arg>Tic-Tac-Toe</arg>
</arguments>
<status endtime="20180209 15:40:42.617" starttime="20180209 15:40:42.459" status="PASS"></status>
</kw>
<status endtime="20180209 15:40:42.618" starttime="20180209 15:40:42.447" status="PASS"></status>
</kw>
<status critical="yes" endtime="20180209 15:40:42.618" starttime="20180209 15:40:41.982" status="PASS"></status>
</test>
<status endtime="20180209 15:40:42.624" starttime="20180209 15:40:29.416" status="PASS"></status>
</suite>
<suite source="F:\JWilliamson\cs310-tic-tac-toe\src\test\acceptancetest\TicTacToeTests.robot" name="TicTacToeTests" id="s1-s2">
<test name="Win Diagonally as X" id="s1-s2-t1">
<kw library="keywords.TicTacToeKeywords" name="Start New Game">
<status endtime="20180209 15:40:42.687" starttime="20180209 15:40:42.685" status="PASS"></status>
</kw>
<kw library="keywords.TicTacToeKeywords" name="Mark Location">
<arguments>
<arg>1</arg>
<arg>1</arg>
</arguments>
<status endtime="20180209 15:40:42.690" starttime="20180209 15:40:42.688" status="PASS"></status>
</kw>
<kw name="Check Location">
<arguments>
<arg>1</arg>
<arg>1</arg>
<arg>X</arg>
</arguments>
<kw library="keywords.TicTacToeKeywords" name="Get Mark">
<arguments>
<arg>${row}</arg>
<arg>${col}</arg>
</arguments>
<assign>
<var>${m}</var>
</assign>
<msg level="INFO" timestamp="20180209 15:40:42.696">${m} = X</msg>
<status endtime="20180209 15:40:42.699" starttime="20180209 15:40:42.693" status="PASS"></status>
</kw>
<kw library="BuiltIn" name="Should Be Equal">
<doc>Fails if the given objects are unequal.</doc>
<arguments>
<arg>${m}</arg>
<arg>${mark}</arg>
</arguments>
<status endtime="20180209 15:40:42.702" starttime="20180209 15:40:42.700" status="PASS"></status>
</kw>
<status endtime="20180209 15:40:42.703" starttime="20180209 15:40:42.691" status="PASS"></status>
</kw>
<kw library="keywords.TicTacToeKeywords" name="Mark Location">
<arguments>
<arg>0</arg>
<arg>1</arg>
</arguments>
<status endtime="20180209 15:40:42.705" starttime="20180209 15:40:42.703" status="PASS"></status>
</kw>
<kw name="Check Location">
<arguments>
<arg>0</arg>
<arg>1</arg>
<arg>O</arg>
</arguments>
<kw library="keywords.TicTacToeKeywords" name="Get Mark">
<arguments>
<arg>${row}</arg>
<arg>${col}</arg>
</arguments>
<assign>
<var>${m}</var>
</assign>
<msg level="INFO" timestamp="20180209 15:40:42.709">${m} = O</msg>
<status endtime="20180209 15:40:42.710" starttime="20180209 15:40:42.707" status="PASS"></status>
</kw>
<kw library="BuiltIn" name="Should Be Equal">
<doc>Fails if the given objects are unequal.</doc>
<arguments>
<arg>${m}</arg>
<arg>${mark}</arg>
</arguments>
<status endtime="20180209 15:40:42.712" starttime="20180209 15:40:42.710" status="PASS"></status>
</kw>
<status endtime="20180209 15:40:42.713" starttime="20180209 15:40:42.705" status="PASS"></status>
</kw>
<kw library="keywords.TicTacToeKeywords" name="Mark Location">
<arguments>
<arg>0</arg>
<arg>0</arg>
</arguments>
<status endtime="20180209 15:40:42.715" starttime="20180209 15:40:42.714" status="PASS"></status>
</kw>
<kw name="Check Location">
<arguments>
<arg>0</arg>
<arg>0</arg>
<arg>X</arg>
</arguments>
<kw library="keywords.TicTacToeKeywords" name="Get Mark">
<arguments>
<arg>${row}</arg>
<arg>${col}</arg>
</arguments>
<assign>
<var>${m}</var>
</assign>
<msg level="INFO" timestamp="20180209 15:40:42.722">${m} = X</msg>
<status endtime="20180209 15:40:42.722" starttime="20180209 15:40:42.719" status="PASS"></status>
</kw>
<kw library="BuiltIn" name="Should Be Equal">
<doc>Fails if the given objects are unequal.</doc>
<arguments>
<arg>${m}</arg>
<arg>${mark}</arg>
</arguments>
<status endtime="20180209 15:40:42.726" starttime="20180209 15:40:42.723" status="PASS"></status>
</kw>
<status endtime="20180209 15:40:42.727" starttime="20180209 15:40:42.716" status="PASS"></status>
</kw>
<kw library="keywords.TicTacToeKeywords" name="Mark Location">
<arguments>
<arg>0</arg>
<arg>2</arg>
</arguments>
<status endtime="20180209 15:40:42.730" starttime="20180209 15:40:42.728" status="PASS"></status>
</kw>
<kw name="Check Location">
<arguments>
<arg>0</arg>
<arg>2</arg>
<arg>O</arg>
</arguments>
<kw library="keywords.TicTacToeKeywords" name="Get Mark">
<arguments>
<arg>${row}</arg>
<arg>${col}</arg>
</arguments>
<assign>
<var>${m}</var>
</assign>
<msg level="INFO" timestamp="20180209 15:40:42.736">${m} = O</msg>
<status endtime="20180209 15:40:42.736" starttime="20180209 15:40:42.733" status="PASS"></status>
</kw>
<kw library="BuiltIn" name="Should Be Equal">
<doc>Fails if the given objects are unequal.</doc>
<arguments>
<arg>${m}</arg>
<arg>${mark}</arg>
</arguments>
<status endtime="20180209 15:40:42.739" starttime="20180209 15:40:42.737" status="PASS"></status>
</kw>
<status endtime="20180209 15:40:42.740" starttime="20180209 15:40:42.731" status="PASS"></status>
</kw>
<kw library="keywords.TicTacToeKeywords" name="Mark Location">
<arguments>
<arg>2</arg>
<arg>2</arg>
</arguments>
<status endtime="20180209 15:40:42.744" starttime="20180209 15:40:42.741" status="PASS"></status>
</kw>
<kw name="Check Location">
<arguments>
<arg>2</arg>
<arg>2</arg>
<arg>X</arg>
</arguments>
<kw library="keywords.TicTacToeKeywords" name="Get Mark">
<arguments>
<arg>${row}</arg>
<arg>${col}</arg>
</arguments>
<assign>
<var>${m}</var>
</assign>
<msg level="INFO" timestamp="20180209 15:40:42.750">${m} = X</msg>
<status endtime="20180209 15:40:42.750" starttime="20180209 15:40:42.747" status="PASS"></status>
</kw>
<kw library="BuiltIn" name="Should Be Equal">
<doc>Fails if the given objects are unequal.</doc>
<arguments>
<arg>${m}</arg>
<arg>${mark}</arg>
</arguments>
<status endtime="20180209 15:40:42.753" starttime="20180209 15:40:42.751" status="PASS"></status>
</kw>
<status endtime="20180209 15:40:42.754" starttime="20180209 15:40:42.745" status="PASS"></status>
</kw>
<kw name="Winner Should Be">
<arguments>
<arg>X</arg>
</arguments>
<kw library="keywords.TicTacToeKeywords" name="Get Winner">
<assign>
<var>${m}</var>
</assign>
<msg level="INFO" timestamp="20180209 15:40:42.758">${m} = X</msg>
<status endtime="20180209 15:40:42.758" starttime="20180209 15:40:42.756" status="PASS"></status>
</kw>
<kw library="BuiltIn" name="Should Be Equal">
<doc>Fails if the given objects are unequal.</doc>
<arguments>
<arg>${m}</arg>
<arg>${mark}</arg>
</arguments>
<status endtime="20180209 15:40:42.761" starttime="20180209 15:40:42.759" status="PASS"></status>
</kw>
<status endtime="20180209 15:40:42.761" starttime="20180209 15:40:42.755" status="PASS"></status>
</kw>
<status critical="yes" endtime="20180209 15:40:42.762" starttime="20180209 15:40:42.683" status="PASS"></status>
</test>
<test name="Win Horizontally as O" id="s1-s2-t2">
<kw library="keywords.TicTacToeKeywords" name="Start New Game">
<status endtime="20180209 15:40:42.768" starttime="20180209 15:40:42.766" status="PASS"></status>
</kw>
<kw library="keywords.TicTacToeKeywords" name="Mark Location">
<arguments>
<arg>1</arg>
<arg>1</arg>
</arguments>
<status endtime="20180209 15:40:42.770" starttime="20180209 15:40:42.769" status="PASS"></status>
</kw>
<kw name="Check Location">
<arguments>
<arg>1</arg>
<arg>1</arg>
<arg>X</arg>
</arguments>
<kw library="keywords.TicTacToeKeywords" name="Get Mark">
<arguments>
<arg>${row}</arg>
<arg>${col}</arg>
</arguments>
<assign>
<var>${m}</var>
</assign>
<msg level="INFO" timestamp="20180209 15:40:42.775">${m} = X</msg>
<status endtime="20180209 15:40:42.775" starttime="20180209 15:40:42.773" status="PASS"></status>
</kw>
<kw library="BuiltIn" name="Should Be Equal">
<doc>Fails if the given objects are unequal.</doc>
<arguments>
<arg>${m}</arg>
<arg>${mark}</arg>
</arguments>
<status endtime="20180209 15:40:42.777" starttime="20180209 15:40:42.776" status="PASS"></status>
</kw>
<status endtime="20180209 15:40:42.778" starttime="20180209 15:40:42.770" status="PASS"></status>
</kw>
<kw library="keywords.TicTacToeKeywords" name="Mark Location">
<arguments>
<arg>2</arg>
<arg>0</arg>
</arguments>
<status endtime="20180209 15:40:42.780" starttime="20180209 15:40:42.779" status="PASS"></status>
</kw>
<kw name="Check Location">
<arguments>
<arg>2</arg>
<arg>0</arg>
<arg>O</arg>
</arguments>
<kw library="keywords.TicTacToeKeywords" name="Get Mark">
<arguments>
<arg>${row}</arg>
<arg>${col}</arg>
</arguments>
<assign>
<var>${m}</var>
</assign>
<msg level="INFO" timestamp="20180209 15:40:42.785">${m} = O</msg>
<status endtime="20180209 15:40:42.785" starttime="20180209 15:40:42.783" status="PASS"></status>
</kw>
<kw library="BuiltIn" name="Should Be Equal">
<doc>Fails if the given objects are unequal.</doc>
<arguments>
<arg>${m}</arg>
<arg>${mark}</arg>
</arguments>
<status endtime="20180209 15:40:42.787" starttime="20180209 15:40:42.786" status="PASS"></status>
</kw>
<status endtime="20180209 15:40:42.788" starttime="20180209 15:40:42.781" status="PASS"></status>
</kw>
<kw library="keywords.TicTacToeKeywords" name="Mark Location">
<arguments>
<arg>0</arg>
<arg>0</arg>
</arguments>
<status endtime="20180209 15:40:42.790" starttime="20180209 15:40:42.789" status="PASS"></status>
</kw>
<kw name="Check Location">
<arguments>
<arg>0</arg>
<arg>0</arg>
<arg>X</arg>
</arguments>
<kw library="keywords.TicTacToeKeywords" name="Get Mark">
<arguments>
<arg>${row}</arg>
<arg>${col}</arg>
</arguments>
<assign>
<var>${m}</var>
</assign>
<msg level="INFO" timestamp="20180209 15:40:42.797">${m} = X</msg>
<status endtime="20180209 15:40:42.797" starttime="20180209 15:40:42.794" status="PASS"></status>
</kw>
<kw library="BuiltIn" name="Should Be Equal">
<doc>Fails if the given objects are unequal.</doc>
<arguments>
<arg>${m}</arg>
<arg>${mark}</arg>
</arguments>
<status endtime="20180209 15:40:42.801" starttime="20180209 15:40:42.798" status="PASS"></status>
</kw>
<status endtime="20180209 15:40:42.803" starttime="20180209 15:40:42.791" status="PASS"></status>
</kw>
<kw library="keywords.TicTacToeKeywords" name="Mark Location">
<arguments>
<arg>2</arg>
<arg>2</arg>
</arguments>
<status endtime="20180209 15:40:42.807" starttime="20180209 15:40:42.804" status="PASS"></status>
</kw>
<kw name="Check Location">
<arguments>
<arg>2</arg>
<arg>2</arg>
<arg>O</arg>
</arguments>
<kw library="keywords.TicTacToeKeywords" name="Get Mark">
<arguments>
<arg>${row}</arg>
<arg>${col}</arg>
</arguments>
<assign>
<var>${m}</var>
</assign>
<msg level="INFO" timestamp="20180209 15:40:42.816">${m} = O</msg>
<status endtime="20180209 15:40:42.817" starttime="20180209 15:40:42.813" status="PASS"></status>
</kw>
<kw library="BuiltIn" name="Should Be Equal">
<doc>Fails if the given objects are unequal.</doc>
<arguments>
<arg>${m}</arg>
<arg>${mark}</arg>
</arguments>
<status endtime="20180209 15:40:42.821" starttime="20180209 15:40:42.818" status="PASS"></status>
</kw>
<status endtime="20180209 15:40:42.822" starttime="20180209 15:40:42.809" status="PASS"></status>
</kw>
<kw library="keywords.TicTacToeKeywords" name="Mark Location">
<arguments>
<arg>0</arg>
<arg>2</arg>
</arguments>
<status endtime="20180209 15:40:42.824" starttime="20180209 15:40:42.822" status="PASS"></status>
</kw>
<kw name="Check Location">
<arguments>
<arg>0</arg>
<arg>2</arg>
<arg>X</arg>
</arguments>
<kw library="keywords.TicTacToeKeywords" name="Get Mark">
<arguments>
<arg>${row}</arg>
<arg>${col}</arg>
</arguments>
<assign>
<var>${m}</var>
</assign>
<msg level="INFO" timestamp="20180209 15:40:42.829">${m} = X</msg>
<status endtime="20180209 15:40:42.830" starttime="20180209 15:40:42.827" status="PASS"></status>
</kw>
<kw library="BuiltIn" name="Should Be Equal">
<doc>Fails if the given objects are unequal.</doc>
<arguments>
<arg>${m}</arg>
<arg>${mark}</arg>
</arguments>
<status endtime="20180209 15:40:42.832" starttime="20180209 15:40:42.830" status="PASS"></status>
</kw>
<status endtime="20180209 15:40:42.833" starttime="20180209 15:40:42.825" status="PASS"></status>
</kw>
<kw library="keywords.TicTacToeKeywords" name="Mark Location">
<arguments>
<arg>2</arg>
<arg>1</arg>
</arguments>
<status endtime="20180209 15:40:42.835" starttime="20180209 15:40:42.834" status="PASS"></status>
</kw>
<kw name="Check Location">
<arguments>
<arg>2</arg>
<arg>1</arg>
<arg>O</arg>
</arguments>
<kw library="keywords.TicTacToeKeywords" name="Get Mark">
<arguments>
<arg>${row}</arg>
<arg>${col}</arg>
</arguments>
<assign>
<var>${m}</var>
</assign>
<msg level="INFO" timestamp="20180209 15:40:42.840">${m} = O</msg>
<status endtime="20180209 15:40:42.840" starttime="20180209 15:40:42.838" status="PASS"></status>
</kw>
<kw library="BuiltIn" name="Should Be Equal">
<doc>Fails if the given objects are unequal.</doc>
<arguments>
<arg>${m}</arg>
<arg>${mark}</arg>
</arguments>
<status endtime="20180209 15:40:42.843" starttime="20180209 15:40:42.841" status="PASS"></status>
</kw>
<status endtime="20180209 15:40:42.845" starttime="20180209 15:40:42.836" status="PASS"></status>
</kw>
<kw name="Winner Should Be">
<arguments>
<arg>O</arg>
</arguments>
<kw library="keywords.TicTacToeKeywords" name="Get Winner">
<assign>
<var>${m}</var>
</assign>
<msg level="INFO" timestamp="20180209 15:40:42.849">${m} = O</msg>
<status endtime="20180209 15:40:42.849" starttime="20180209 15:40:42.847" status="PASS"></status>
</kw>
<kw library="BuiltIn" name="Should Be Equal">
<doc>Fails if the given objects are unequal.</doc>
<arguments>
<arg>${m}</arg>
<arg>${mark}</arg>
</arguments>
<status endtime="20180209 15:40:42.852" starttime="20180209 15:40:42.850" status="PASS"></status>
</kw>
<status endtime="20180209 15:40:42.853" starttime="20180209 15:40:42.845" status="PASS"></status>
</kw>
<status critical="yes" endtime="20180209 15:40:42.854" starttime="20180209 15:40:42.764" status="PASS"></status>
</test>
<test name="Force a Tie" id="s1-s2-t3">
<kw library="keywords.TicTacToeKeywords" name="Start New Game">
<status endtime="20180209 15:40:42.860" starttime="20180209 15:40:42.858" status="PASS"></status>
</kw>
<kw library="keywords.TicTacToeKeywords" name="Mark Location">
<arguments>
<arg>1</arg>
<arg>1</arg>
</arguments>
<status endtime="20180209 15:40:42.862" starttime="20180209 15:40:42.860" status="PASS"></status>
</kw>
<kw name="Check Location">
<arguments>
<arg>1</arg>
<arg>1</arg>
<arg>X</arg>
</arguments>
<kw library="keywords.TicTacToeKeywords" name="Get Mark">
<arguments>
<arg>${row}</arg>
<arg>${col}</arg>
</arguments>
<assign>
<var>${m}</var>
</assign>
<msg level="INFO" timestamp="20180209 15:40:42.868">${m} = X</msg>
<status endtime="20180209 15:40:42.868" starttime="20180209 15:40:42.865" status="PASS"></status>
</kw>
<kw library="BuiltIn" name="Should Be Equal">
<doc>Fails if the given objects are unequal.</doc>
<arguments>
<arg>${m}</arg>
<arg>${mark}</arg>
</arguments>
<status endtime="20180209 15:40:42.870" starttime="20180209 15:40:42.869" status="PASS"></status>
</kw>
<status endtime="20180209 15:40:42.871" starttime="20180209 15:40:42.863" status="PASS"></status>
</kw>
<kw library="keywords.TicTacToeKeywords" name="Mark Location">
<arguments>
<arg>0</arg>
<arg>0</arg>
</arguments>
<status endtime="20180209 15:40:43.861" starttime="20180209 15:40:42.872" status="PASS"></status>
</kw>
<kw name="Check Location">
<arguments>
<arg>0</arg>
<arg>0</arg>
<arg>O</arg>
</arguments>
<kw library="keywords.TicTacToeKeywords" name="Get Mark">
<arguments>
<arg>${row}</arg>
<arg>${col}</arg>
</arguments>
<assign>
<var>${m}</var>
</assign>
<msg level="INFO" timestamp="20180209 15:40:43.866">${m} = O</msg>
<status endtime="20180209 15:40:43.866" starttime="20180209 15:40:43.864" status="PASS"></status>
</kw>
<kw library="BuiltIn" name="Should Be Equal">
<doc>Fails if the given objects are unequal.</doc>
<arguments>
<arg>${m}</arg>
<arg>${mark}</arg>
</arguments>
<status endtime="20180209 15:40:43.869" starttime="20180209 15:40:43.867" status="PASS"></status>
</kw>
<status endtime="20180209 15:40:43.870" starttime="20180209 15:40:43.862" status="PASS"></status>
</kw>
<kw library="keywords.TicTacToeKeywords" name="Mark Location">
<arguments>
<arg>2</arg>
<arg>0</arg>
</arguments>
<status endtime="20180209 15:40:43.872" starttime="20180209 15:40:43.871" status="PASS"></status>
</kw>
<kw name="Check Location">
<arguments>
<arg>2</arg>
<arg>0</arg>
<arg>X</arg>
</arguments>
<kw library="keywords.TicTacToeKeywords" name="Get Mark">
<arguments>
<arg>${row}</arg>
<arg>${col}</arg>
</arguments>
<assign>
<var>${m}</var>
</assign>
<msg level="INFO" timestamp="20180209 15:40:43.878">${m} = X</msg>
<status endtime="20180209 15:40:43.879" starttime="20180209 15:40:43.875" status="PASS"></status>
</kw>
<kw library="BuiltIn" name="Should Be Equal">
<doc>Fails if the given objects are unequal.</doc>
<arguments>
<arg>${m}</arg>
<arg>${mark}</arg>
</arguments>
<status endtime="20180209 15:40:43.882" starttime="20180209 15:40:43.880" status="PASS"></status>
</kw>
<status endtime="20180209 15:40:43.884" starttime="20180209 15:40:43.873" status="PASS"></status>
</kw>
<kw library="keywords.TicTacToeKeywords" name="Mark Location">
<arguments>
<arg>0</arg>
<arg>2</arg>
</arguments>
<status endtime="20180209 15:40:43.887" starttime="20180209 15:40:43.885" status="PASS"></status>
</kw>
<kw name="Check Location">
<arguments>
<arg>0</arg>
<arg>2</arg>
<arg>O</arg>
</arguments>
<kw library="keywords.TicTacToeKeywords" name="Get Mark">
<arguments>
<arg>${row}</arg>
<arg>${col}</arg>
</arguments>
<assign>
<var>${m}</var>
</assign>
<msg level="INFO" timestamp="20180209 15:40:43.892">${m} = O</msg>
<status endtime="20180209 15:40:43.892" starttime="20180209 15:40:43.889" status="PASS"></status>
</kw>
<kw library="BuiltIn" name="Should Be Equal">
<doc>Fails if the given objects are unequal.</doc>
<arguments>
<arg>${m}</arg>
<arg>${mark}</arg>
</arguments>
<status endtime="20180209 15:40:43.895" starttime="20180209 15:40:43.893" status="PASS"></status>
</kw>
<status endtime="20180209 15:40:43.896" starttime="20180209 15:40:43.887" status="PASS"></status>
</kw>
<kw library="keywords.TicTacToeKeywords" name="Mark Location">
<arguments>
<arg>0</arg>
<arg>1</arg>
</arguments>
<status endtime="20180209 15:40:43.898" starttime="20180209 15:40:43.896" status="PASS"></status>
</kw>
<kw name="Check Location">
<arguments>
<arg>0</arg>
<arg>1</arg>
<arg>X</arg>
</arguments>
<kw library="keywords.TicTacToeKeywords" name="Get Mark">
<arguments>
<arg>${row}</arg>
<arg>${col}</arg>
</arguments>
<assign>
<var>${m}</var>
</assign>
<msg level="INFO" timestamp="20180209 15:40:43.902">${m} = X</msg>
<status endtime="20180209 15:40:43.903" starttime="20180209 15:40:43.900" status="PASS"></status>
</kw>
<kw library="BuiltIn" name="Should Be Equal">
<doc>Fails if the given objects are unequal.</doc>
<arguments>
<arg>${m}</arg>
<arg>${mark}</arg>
</arguments>
<status endtime="20180209 15:40:43.906" starttime="20180209 15:40:43.904" status="PASS"></status>
</kw>
<status endtime="20180209 15:40:43.906" starttime="20180209 15:40:43.898" status="PASS"></status>
</kw>
<kw library="keywords.TicTacToeKeywords" name="Mark Location">
<arguments>
<arg>2</arg>
<arg>1</arg>
</arguments>
<status endtime="20180209 15:40:43.908" starttime="20180209 15:40:43.907" status="PASS"></status>
</kw>
<kw name="Check Location">
<arguments>
<arg>2</arg>
<arg>1</arg>
<arg>O</arg>
</arguments>
<kw library="keywords.TicTacToeKeywords" name="Get Mark">
<arguments>
<arg>${row}</arg>
<arg>${col}</arg>
</arguments>
<assign>
<var>${m}</var>
</assign>
<msg level="INFO" timestamp="20180209 15:40:43.913">${m} = O</msg>
<status endtime="20180209 15:40:43.914" starttime="20180209 15:40:43.911" status="PASS"></status>
</kw>
<kw library="BuiltIn" name="Should Be Equal">
<doc>Fails if the given objects are unequal.</doc>
<arguments>
<arg>${m}</arg>
<arg>${mark}</arg>
</arguments>
<status endtime="20180209 15:40:43.916" starttime="20180209 15:40:43.914" status="PASS"></status>
</kw>
<status endtime="20180209 15:40:43.917" starttime="20180209 15:40:43.909" status="PASS"></status>
</kw>
<kw library="keywords.TicTacToeKeywords" name="Mark Location">
<arguments>
<arg>1</arg>
<arg>2</arg>
</arguments>
<status endtime="20180209 15:40:43.920" starttime="20180209 15:40:43.918" status="PASS"></status>
</kw>
<kw name="Check Location">
<arguments>
<arg>1</arg>
<arg>2</arg>
<arg>X</arg>
</arguments>
<kw library="keywords.TicTacToeKeywords" name="Get Mark">
<arguments>
<arg>${row}</arg>
<arg>${col}</arg>
</arguments>
<assign>
<var>${m}</var>
</assign>
<msg level="INFO" timestamp="20180209 15:40:43.924">${m} = X</msg>
<status endtime="20180209 15:40:43.924" starttime="20180209 15:40:43.922" status="PASS"></status>
</kw>
<kw library="BuiltIn" name="Should Be Equal">
<doc>Fails if the given objects are unequal.</doc>
<arguments>
<arg>${m}</arg>
<arg>${mark}</arg>
</arguments>
<status endtime="20180209 15:40:43.926" starttime="20180209 15:40:43.924" status="PASS"></status>
</kw>
<status endtime="20180209 15:40:43.927" starttime="20180209 15:40:43.920" status="PASS"></status>
</kw>
<kw library="keywords.TicTacToeKeywords" name="Mark Location">
<arguments>
<arg>1</arg>
<arg>0</arg>
</arguments>
<status endtime="20180209 15:40:43.928" starttime="20180209 15:40:43.927" status="PASS"></status>
</kw>
<kw name="Check Location">
<arguments>
<arg>1</arg>
<arg>0</arg>
<arg>O</arg>
</arguments>
<kw library="keywords.TicTacToeKeywords" name="Get Mark">
<arguments>
<arg>${row}</arg>
<arg>${col}</arg>
</arguments>
<assign>
<var>${m}</var>
</assign>
<msg level="INFO" timestamp="20180209 15:40:43.932">${m} = O</msg>
<status endtime="20180209 15:40:43.933" starttime="20180209 15:40:43.930" status="PASS"></status>
</kw>
<kw library="BuiltIn" name="Should Be Equal">
<doc>Fails if the given objects are unequal.</doc>
<arguments>
<arg>${m}</arg>
<arg>${mark}</arg>
</arguments>
<status endtime="20180209 15:40:43.935" starttime="20180209 15:40:43.933" status="PASS"></status>
</kw>
<status endtime="20180209 15:40:43.936" starttime="20180209 15:40:43.929" status="PASS"></status>
</kw>
<kw library="keywords.TicTacToeKeywords" name="Mark Location">
<arguments>
<arg>2</arg>
<arg>2</arg>
</arguments>
<status endtime="20180209 15:40:43.937" starttime="20180209 15:40:43.936" status="PASS"></status>
</kw>
<kw name="Check Location">
<arguments>
<arg>2</arg>
<arg>2</arg>
<arg>X</arg>
</arguments>
<kw library="keywords.TicTacToeKeywords" name="Get Mark">
<arguments>
<arg>${row}</arg>
<arg>${col}</arg>
</arguments>
<assign>
<var>${m}</var>
</assign>
<msg level="INFO" timestamp="20180209 15:40:43.941">${m} = X</msg>
<status endtime="20180209 15:40:43.941" starttime="20180209 15:40:43.939" status="PASS"></status>
</kw>
<kw library="BuiltIn" name="Should Be Equal">
<doc>Fails if the given objects are unequal.</doc>
<arguments>
<arg>${m}</arg>
<arg>${mark}</arg>
</arguments>
<status endtime="20180209 15:40:43.944" starttime="20180209 15:40:43.942" status="PASS"></status>
</kw>
<status endtime="20180209 15:40:43.945" starttime="20180209 15:40:43.938" status="PASS"></status>
</kw>
<kw name="Winner Should Be">
<arguments>
<arg>TIE</arg>
</arguments>
<kw library="keywords.TicTacToeKeywords" name="Get Winner">
<assign>
<var>${m}</var>
</assign>
<msg level="INFO" timestamp="20180209 15:40:43.949">${m} = TIE</msg>
<status endtime="20180209 15:40:43.949" starttime="20180209 15:40:43.948" status="PASS"></status>
</kw>
<kw library="BuiltIn" name="Should Be Equal">
<doc>Fails if the given objects are unequal.</doc>
<arguments>
<arg>${m}</arg>
<arg>${mark}</arg>
</arguments>
<status endtime="20180209 15:40:43.953" starttime="20180209 15:40:43.950" status="PASS"></status>
</kw>
<status endtime="20180209 15:40:43.954" starttime="20180209 15:40:43.945" status="PASS"></status>
</kw>
<status critical="yes" endtime="20180209 15:40:43.956" starttime="20180209 15:40:42.856" status="PASS"></status>
</test>
<status endtime="20180209 15:40:43.960" starttime="20180209 15:40:42.637" status="PASS"></status>
</suite>
<status endtime="20180209 15:40:43.975" starttime="20180209 15:40:29.178" status="PASS"></status>
</suite>
<statistics>
<total>
<stat pass="6" fail="0">Critical Tests</stat>
<stat pass="6" fail="0">All Tests</stat>
</total>
<tag>
</tag>
<suite>
<stat pass="6" fail="0" name="Acceptancetest" id="s1">Acceptancetest</stat>
<stat pass="3" fail="0" name="TicTacToeGUITests" id="s1-s1">Acceptancetest.TicTacToeGUITests</stat>
<stat pass="3" fail="0" name="TicTacToeTests" id="s1-s2">Acceptancetest.TicTacToeTests</stat>
</suite>
</statistics>
<errors>
</errors>
</robot>
