<?xml version="1.0" encoding="UTF-8"?>
<robot generator="Robot 3.0 (Jython 2.7.0 on java1.8.0_161-1-ojdkbuild)" generated="20180209 15:55:53.970">
<suite source="F:\JWilliamson\cs310-tic-tac-toe\src\test\acceptancetest" name="Acceptancetest" id="s1">
<suite source="F:\JWilliamson\cs310-tic-tac-toe\src\test\acceptancetest\TicTacToeGUITests.robot" name="TicTacToeGUITests" id="s1-s1">
<test name="Win Diagonally as X" id="s1-s1-t1">
<kw name="Start New Game">
<kw library="SwingLibrary" name="Start Application">
<doc>Alias for `Launch Application` keyword</doc>
<arguments>
<arg>edu.jsu.mcis.TicTacToe</arg>
</arguments>
<status endtime="20180209 15:55:54.288" starttime="20180209 15:55:54.263" status="PASS"></status>
</kw>
<kw library="SwingLibrary" name="Select Window">
<doc>Selects a window as current context and sets focus to it.</doc>
<arguments>
<arg>Tic-Tac-Toe</arg>
</arguments>
<status endtime="20180209 15:55:55.311" starttime="20180209 15:55:55.244" status="PASS"></status>
</kw>
<status endtime="20180209 15:55:55.312" starttime="20180209 15:55:54.261" status="PASS"></status>
</kw>
<kw name="Mark Location">
<arguments>
<arg>1</arg>
<arg>1</arg>
</arguments>
<kw library="BuiltIn" name="Catenate">
<doc>Catenates the given items together and returns the resulted string.</doc>
<arguments>
<arg>SEPARATOR=</arg>
<arg>Square</arg>
<arg>${row}</arg>
<arg>${col}</arg>
</arguments>
<assign>
<var>${component}</var>
</assign>
<msg level="INFO" timestamp="20180209 15:55:55.326">${component} = Square11</msg>
<status endtime="20180209 15:55:55.327" starttime="20180209 15:55:55.320" status="PASS"></status>
</kw>
<kw library="SwingLibrary" name="Click On Component">
<doc>Clicks on a component.</doc>
<arguments>
<arg>${component}</arg>
</arguments>
<status endtime="20180209 15:55:55.355" starttime="20180209 15:55:55.328" status="PASS"></status>
</kw>
<status endtime="20180209 15:55:55.357" starttime="20180209 15:55:55.316" status="PASS"></status>
</kw>
<kw name="Check Location">
<arguments>
<arg>1</arg>
<arg>1</arg>
<arg>X</arg>
</arguments>
<kw library="BuiltIn" name="Catenate">
<doc>Catenates the given items together and returns the resulted string.</doc>
<arguments>
<arg>SEPARATOR=</arg>
<arg>Square</arg>
<arg>${row}</arg>
<arg>${col}</arg>
</arguments>
<assign>
<var>${component}</var>
</assign>
<msg level="INFO" timestamp="20180209 15:55:55.362">${component} = Square11</msg>
<status endtime="20180209 15:55:55.362" starttime="20180209 15:55:55.359" status="PASS"></status>
</kw>
<kw library="SwingLibrary" name="Get Button Text">
<doc>Uses current context to search for a button and when found, returns the text it is labeled with.</doc>
<arguments>
<arg>${component}</arg>
</arguments>
<assign>
<var>${text}</var>
</assign>
<msg level="INFO" timestamp="20180209 15:55:55.369">${text} = X</msg>
<status endtime="20180209 15:55:55.369" starttime="20180209 15:55:55.363" status="PASS"></status>
</kw>
<kw library="BuiltIn" name="Should Be Equal">
<doc>Fails if the given objects are unequal.</doc>
<arguments>
<arg>${text}</arg>
<arg>${mark}</arg>
</arguments>
<status endtime="20180209 15:55:55.372" starttime="20180209 15:55:55.370" status="PASS"></status>
</kw>
<status endtime="20180209 15:55:55.373" starttime="20180209 15:55:55.357" status="PASS"></status>
</kw>
<kw name="Mark Location">
<arguments>
<arg>0</arg>
<arg>1</arg>
</arguments>
<kw library="BuiltIn" name="Catenate">
<doc>Catenates the given items together and returns the resulted string.</doc>
<arguments>
<arg>SEPARATOR=</arg>
<arg>Square</arg>
<arg>${row}</arg>
<arg>${col}</arg>
</arguments>
<assign>
<var>${component}</var>
</assign>
<msg level="INFO" timestamp="20180209 15:55:55.378">${component} = Square01</msg>
<status endtime="20180209 15:55:55.378" starttime="20180209 15:55:55.375" status="PASS"></status>
</kw>
<kw library="SwingLibrary" name="Click On Component">
<doc>Clicks on a component.</doc>
<arguments>
<arg>${component}</arg>
</arguments>
<status endtime="20180209 15:55:55.390" starttime="20180209 15:55:55.379" status="PASS"></status>
</kw>
<status endtime="20180209 15:55:55.391" starttime="20180209 15:55:55.374" status="PASS"></status>
</kw>
<kw name="Check Location">
<arguments>
<arg>0</arg>
<arg>1</arg>
<arg>O</arg>
</arguments>
<kw library="BuiltIn" name="Catenate">
<doc>Catenates the given items together and returns the resulted string.</doc>
<arguments>
<arg>SEPARATOR=</arg>
<arg>Square</arg>
<arg>${row}</arg>
<arg>${col}</arg>
</arguments>
<assign>
<var>${component}</var>
</assign>
<msg level="INFO" timestamp="20180209 15:55:55.406">${component} = Square01</msg>
<status endtime="20180209 15:55:55.407" starttime="20180209 15:55:55.400" status="PASS"></status>
</kw>
<kw library="SwingLibrary" name="Get Button Text">
<doc>Uses current context to search for a button and when found, returns the text it is labeled with.</doc>
<arguments>
<arg>${component}</arg>
</arguments>
<assign>
<var>${text}</var>
</assign>
<msg level="INFO" timestamp="20180209 15:55:55.417">${text} = O</msg>
<status endtime="20180209 15:55:55.417" starttime="20180209 15:55:55.408" status="PASS"></status>
</kw>
<kw library="BuiltIn" name="Should Be Equal">
<doc>Fails if the given objects are unequal.</doc>
<arguments>
<arg>${text}</arg>
<arg>${mark}</arg>
</arguments>
<status endtime="20180209 15:55:55.421" starttime="20180209 15:55:55.418" status="PASS"></status>
</kw>
<status endtime="20180209 15:55:55.422" starttime="20180209 15:55:55.394" status="PASS"></status>
</kw>
<kw name="Mark Location">
<arguments>
<arg>0</arg>
<arg>0</arg>
</arguments>
<kw library="BuiltIn" name="Catenate">
<doc>Catenates the given items together and returns the resulted string.</doc>
<arguments>
<arg>SEPARATOR=</arg>
<arg>Square</arg>
<arg>${row}</arg>
<arg>${col}</arg>
</arguments>
<assign>
<var>${component}</var>
</assign>
<msg level="INFO" timestamp="20180209 15:55:55.428">${component} = Square00</msg>
<status endtime="20180209 15:55:55.428" starttime="20180209 15:55:55.425" status="PASS"></status>
</kw>
<kw library="SwingLibrary" name="Click On Component">
<doc>Clicks on a component.</doc>
<arguments>
<arg>${component}</arg>
</arguments>
<status endtime="20180209 15:55:55.441" starttime="20180209 15:55:55.429" status="PASS"></status>
</kw>
<status endtime="20180209 15:55:55.443" starttime="20180209 15:55:55.423" status="PASS"></status>
</kw>
<kw name="Check Location">
<arguments>
<arg>0</arg>
<arg>0</arg>
<arg>X</arg>
</arguments>
<kw library="BuiltIn" name="Catenate">
<doc>Catenates the given items together and returns the resulted string.</doc>
<arguments>
<arg>SEPARATOR=</arg>
<arg>Square</arg>
<arg>${row}</arg>
<arg>${col}</arg>
</arguments>
<assign>
<var>${component}</var>
</assign>
<msg level="INFO" timestamp="20180209 15:55:55.450">${component} = Square00</msg>
<status endtime="20180209 15:55:55.450" starttime="20180209 15:55:55.447" status="PASS"></status>
</kw>
<kw library="SwingLibrary" name="Get Button Text">
<doc>Uses current context to search for a button and when found, returns the text it is labeled with.</doc>
<arguments>
<arg>${component}</arg>
</arguments>
<assign>
<var>${text}</var>
</assign>
<msg level="INFO" timestamp="20180209 15:55:55.458">${text} = X</msg>
<status endtime="20180209 15:55:55.459" starttime="20180209 15:55:55.451" status="PASS"></status>
</kw>
<kw library="BuiltIn" name="Should Be Equal">
<doc>Fails if the given objects are unequal.</doc>
<arguments>
<arg>${text}</arg>
<arg>${mark}</arg>
</arguments>
<status endtime="20180209 15:55:55.462" starttime="20180209 15:55:55.459" status="PASS"></status>
</kw>
<status endtime="20180209 15:55:55.462" starttime="20180209 15:55:55.445" status="PASS"></status>
</kw>
<kw name="Mark Location">
<arguments>
<arg>0</arg>
<arg>2</arg>
</arguments>
<kw library="BuiltIn" name="Catenate">
<doc>Catenates the given items together and returns the resulted string.</doc>
<arguments>
<arg>SEPARATOR=</arg>
<arg>Square</arg>
<arg>${row}</arg>
<arg>${col}</arg>
</arguments>
<assign>
<var>${component}</var>
</assign>
<msg level="INFO" timestamp="20180209 15:55:55.469">${component} = Square02</msg>
<status endtime="20180209 15:55:55.469" starttime="20180209 15:55:55.467" status="PASS"></status>
</kw>
<kw library="SwingLibrary" name="Click On Component">
<doc>Clicks on a component.</doc>
<arguments>
<arg>${component}</arg>
</arguments>
<status endtime="20180209 15:55:55.477" starttime="20180209 15:55:55.470" status="PASS"></status>
</kw>
<status endtime="20180209 15:55:55.478" starttime="20180209 15:55:55.463" status="PASS"></status>
</kw>
<kw name="Check Location">
<arguments>
<arg>0</arg>
<arg>2</arg>
<arg>O</arg>
</arguments>
<kw library="BuiltIn" name="Catenate">
<doc>Catenates the given items together and returns the resulted string.</doc>
<arguments>
<arg>SEPARATOR=</arg>
<arg>Square</arg>
<arg>${row}</arg>
<arg>${col}</arg>
</arguments>
<assign>
<var>${component}</var>
</assign>
<msg level="INFO" timestamp="20180209 15:55:55.486">${component} = Square02</msg>
<status endtime="20180209 15:55:55.486" starttime="20180209 15:55:55.482" status="PASS"></status>
</kw>
<kw library="SwingLibrary" name="Get Button Text">
<doc>Uses current context to search for a button and when found, returns the text it is labeled with.</doc>
<arguments>
<arg>${component}</arg>
</arguments>
<assign>
<var>${text}</var>
</assign>
<msg level="INFO" timestamp="20180209 15:55:55.492">${text} = O</msg>
<status endtime="20180209 15:55:55.492" starttime="20180209 15:55:55.487" status="PASS"></status>
</kw>
<kw library="BuiltIn" name="Should Be Equal">
<doc>Fails if the given objects are unequal.</doc>
<arguments>
<arg>${text}</arg>
<arg>${mark}</arg>
</arguments>
<status endtime="20180209 15:55:55.495" starttime="20180209 15:55:55.493" status="PASS"></status>
</kw>
<status endtime="20180209 15:55:55.496" starttime="20180209 15:55:55.479" status="PASS"></status>
</kw>
<kw name="Mark Location">
<arguments>
<arg>2</arg>
<arg>2</arg>
</arguments>
<kw library="BuiltIn" name="Catenate">
<doc>Catenates the given items together and returns the resulted string.</doc>
<arguments>
<arg>SEPARATOR=</arg>
<arg>Square</arg>
<arg>${row}</arg>
<arg>${col}</arg>
</arguments>
<assign>
<var>${component}</var>
</assign>
<msg level="INFO" timestamp="20180209 15:55:55.501">${component} = Square22</msg>
<status endtime="20180209 15:55:55.502" starttime="20180209 15:55:55.499" status="PASS"></status>
</kw>
<kw library="SwingLibrary" name="Click On Component">
<doc>Clicks on a component.</doc>
<arguments>
<arg>${component}</arg>
</arguments>
<status endtime="20180209 15:55:55.510" starttime="20180209 15:55:55.502" status="PASS"></status>
</kw>
<status endtime="20180209 15:55:55.510" starttime="20180209 15:55:55.496" status="PASS"></status>
</kw>
<kw name="Check Location">
<arguments>
<arg>2</arg>
<arg>2</arg>
<arg>X</arg>
</arguments>
<kw library="BuiltIn" name="Catenate">
<doc>Catenates the given items together and returns the resulted string.</doc>
<arguments>
<arg>SEPARATOR=</arg>
<arg>Square</arg>
<arg>${row}</arg>
<arg>${col}</arg>
</arguments>
<assign>
<var>${component}</var>
</assign>
<msg level="INFO" timestamp="20180209 15:55:55.516">${component} = Square22</msg>
<status endtime="20180209 15:55:55.516" starttime="20180209 15:55:55.513" status="PASS"></status>
</kw>
<kw library="SwingLibrary" name="Get Button Text">
<doc>Uses current context to search for a button and when found, returns the text it is labeled with.</doc>
<arguments>
<arg>${component}</arg>
</arguments>
<assign>
<var>${text}</var>
</assign>
<msg level="INFO" timestamp="20180209 15:55:55.524">${text} = X</msg>
<status endtime="20180209 15:55:55.524" starttime="20180209 15:55:55.517" status="PASS"></status>
</kw>
<kw library="BuiltIn" name="Should Be Equal">
<doc>Fails if the given objects are unequal.</doc>
<arguments>
<arg>${text}</arg>
<arg>${mark}</arg>
</arguments>
<status endtime="20180209 15:55:55.527" starttime="20180209 15:55:55.525" status="PASS"></status>
</kw>
<status endtime="20180209 15:55:55.528" starttime="20180209 15:55:55.511" status="PASS"></status>
</kw>
<kw name="Winner Should Be">
<arguments>
<arg>X</arg>
</arguments>
<kw library="SwingLibrary" name="Get Label Content">
<doc>Returns the text displayed on a label.</doc>
<arguments>
<arg>ResultLabel</arg>
</arguments>
<assign>
<var>${text}</var>
</assign>
<msg level="INFO" timestamp="20180209 15:55:55.533">${text} = X</msg>
<status endtime="20180209 15:55:55.533" starttime="20180209 15:55:55.530" status="PASS"></status>
</kw>
<kw library="BuiltIn" name="Should Be Equal">
<doc>Fails if the given objects are unequal.</doc>
<arguments>
<arg>${text}</arg>
<arg>${winner}</arg>
</arguments>
<status endtime="20180209 15:55:55.536" starttime="20180209 15:55:55.534" status="PASS"></status>
</kw>
<kw library="SwingLibrary" name="Close Window">
<doc>Closes a window.</doc>
<arguments>
<arg>Tic-Tac-Toe</arg>
</arguments>
<status endtime="20180209 15:55:55.693" starttime="20180209 15:55:55.537" status="PASS"></status>
</kw>
<status endtime="20180209 15:55:55.694" starttime="20180209 15:55:55.528" status="PASS"></status>
</kw>
<status critical="yes" endtime="20180209 15:55:55.694" starttime="20180209 15:55:54.259" status="PASS"></status>
</test>
<test name="Win Horizontally as O" id="s1-s1-t2">
<kw name="Start New Game">
<kw library="SwingLibrary" name="Start Application">
<doc>Alias for `Launch Application` keyword</doc>
<arguments>
<arg>edu.jsu.mcis.TicTacToe</arg>
</arguments>
<status endtime="20180209 15:55:55.720" starttime="20180209 15:55:55.699" status="PASS"></status>
</kw>
<kw library="SwingLibrary" name="Select Window">
<doc>Selects a window as current context and sets focus to it.</doc>
<arguments>
<arg>Tic-Tac-Toe</arg>
</arguments>
<status endtime="20180209 15:55:55.792" starttime="20180209 15:55:55.721" status="PASS"></status>
</kw>
<status endtime="20180209 15:55:55.793" starttime="20180209 15:55:55.698" status="PASS"></status>
</kw>
<kw name="Mark Location">
<arguments>
<arg>1</arg>
<arg>1</arg>
</arguments>
<kw library="BuiltIn" name="Catenate">
<doc>Catenates the given items together and returns the resulted string.</doc>
<arguments>
<arg>SEPARATOR=</arg>
<arg>Square</arg>
<arg>${row}</arg>
<arg>${col}</arg>
</arguments>
<assign>
<var>${component}</var>
</assign>
<msg level="INFO" timestamp="20180209 15:55:55.799">${component} = Square11</msg>
<status endtime="20180209 15:55:55.799" starttime="20180209 15:55:55.796" status="PASS"></status>
</kw>
<kw library="SwingLibrary" name="Click On Component">
<doc>Clicks on a component.</doc>
<arguments>
<arg>${component}</arg>
</arguments>
<status endtime="20180209 15:55:55.812" starttime="20180209 15:55:55.800" status="PASS"></status>
</kw>
<status endtime="20180209 15:55:55.813" starttime="20180209 15:55:55.794" status="PASS"></status>
</kw>
<kw name="Check Location">
<arguments>
<arg>1</arg>
<arg>1</arg>
<arg>X</arg>
</arguments>
<kw library="BuiltIn" name="Catenate">
<doc>Catenates the given items together and returns the resulted string.</doc>
<arguments>
<arg>SEPARATOR=</arg>
<arg>Square</arg>
<arg>${row}</arg>
<arg>${col}</arg>
</arguments>
<assign>
<var>${component}</var>
</assign>
<msg level="INFO" timestamp="20180209 15:55:55.817">${component} = Square11</msg>
<status endtime="20180209 15:55:55.817" starttime="20180209 15:55:55.815" status="PASS"></status>
</kw>
<kw library="SwingLibrary" name="Get Button Text">
<doc>Uses current context to search for a button and when found, returns the text it is labeled with.</doc>
<arguments>
<arg>${component}</arg>
</arguments>
<assign>
<var>${text}</var>
</assign>
<msg level="INFO" timestamp="20180209 15:55:55.824">${text} = X</msg>
<status endtime="20180209 15:55:55.824" starttime="20180209 15:55:55.818" status="PASS"></status>
</kw>
<kw library="BuiltIn" name="Should Be Equal">
<doc>Fails if the given objects are unequal.</doc>
<arguments>
<arg>${text}</arg>
<arg>${mark}</arg>
</arguments>
<status endtime="20180209 15:55:55.827" starttime="20180209 15:55:55.825" status="PASS"></status>
</kw>
<status endtime="20180209 15:55:55.827" starttime="20180209 15:55:55.813" status="PASS"></status>
</kw>
<kw name="Mark Location">
<arguments>
<arg>2</arg>
<arg>0</arg>
</arguments>
<kw library="BuiltIn" name="Catenate">
<doc>Catenates the given items together and returns the resulted string.</doc>
<arguments>
<arg>SEPARATOR=</arg>
<arg>Square</arg>
<arg>${row}</arg>
<arg>${col}</arg>
</arguments>
<assign>
<var>${component}</var>
</assign>
<msg level="INFO" timestamp="20180209 15:55:55.832">${component} = Square20</msg>
<status endtime="20180209 15:55:55.833" starttime="20180209 15:55:55.829" status="PASS"></status>
</kw>
<kw library="SwingLibrary" name="Click On Component">
<doc>Clicks on a component.</doc>
<arguments>
<arg>${component}</arg>
</arguments>
<status endtime="20180209 15:55:55.841" starttime="20180209 15:55:55.834" status="PASS"></status>
</kw>
<status endtime="20180209 15:55:55.842" starttime="20180209 15:55:55.828" status="PASS"></status>
</kw>
<kw name="Check Location">
<arguments>
<arg>2</arg>
<arg>0</arg>
<arg>O</arg>
</arguments>
<kw library="BuiltIn" name="Catenate">
<doc>Catenates the given items together and returns the resulted string.</doc>
<arguments>
<arg>SEPARATOR=</arg>
<arg>Square</arg>
<arg>${row}</arg>
<arg>${col}</arg>
</arguments>
<assign>
<var>${component}</var>
</assign>
<msg level="INFO" timestamp="20180209 15:55:55.848">${component} = Square20</msg>
<status endtime="20180209 15:55:55.848" starttime="20180209 15:55:55.845" status="PASS"></status>
</kw>
<kw library="SwingLibrary" name="Get Button Text">
<doc>Uses current context to search for a button and when found, returns the text it is labeled with.</doc>
<arguments>
<arg>${component}</arg>
</arguments>
<assign>
<var>${text}</var>
</assign>
<msg level="INFO" timestamp="20180209 15:55:55.861">${text} = O</msg>
<status endtime="20180209 15:55:55.861" starttime="20180209 15:55:55.849" status="PASS"></status>
</kw>
<kw library="BuiltIn" name="Should Be Equal">
<doc>Fails if the given objects are unequal.</doc>
<arguments>
<arg>${text}</arg>
<arg>${mark}</arg>
</arguments>
<status endtime="20180209 15:55:55.865" starttime="20180209 15:55:55.862" status="PASS"></status>
</kw>
<status endtime="20180209 15:55:55.866" starttime="20180209 15:55:55.843" status="PASS"></status>
</kw>
<kw name="Mark Location">
<arguments>
<arg>0</arg>
<arg>0</arg>
</arguments>
<kw library="BuiltIn" name="Catenate">
<doc>Catenates the given items together and returns the resulted string.</doc>
<arguments>
<arg>SEPARATOR=</arg>
<arg>Square</arg>
<arg>${row}</arg>
<arg>${col}</arg>
</arguments>
<assign>
<var>${component}</var>
</assign>
<msg level="INFO" timestamp="20180209 15:55:55.871">${component} = Square00</msg>
<status endtime="20180209 15:55:55.871" starttime="20180209 15:55:55.869" status="PASS"></status>
</kw>
<kw library="SwingLibrary" name="Click On Component">
<doc>Clicks on a component.</doc>
<arguments>
<arg>${component}</arg>
</arguments>
<status endtime="20180209 15:55:55.878" starttime="20180209 15:55:55.871" status="PASS"></status>
</kw>
<status endtime="20180209 15:55:55.879" starttime="20180209 15:55:55.867" status="PASS"></status>
</kw>
<kw name="Check Location">
<arguments>
<arg>0</arg>
<arg>0</arg>
<arg>X</arg>
</arguments>
<kw library="BuiltIn" name="Catenate">
<doc>Catenates the given items together and returns the resulted string.</doc>
<arguments>
<arg>SEPARATOR=</arg>
<arg>Square</arg>
<arg>${row}</arg>
<arg>${col}</arg>
</arguments>
<assign>
<var>${component}</var>
</assign>
<msg level="INFO" timestamp="20180209 15:55:55.884">${component} = Square00</msg>
<status endtime="20180209 15:55:55.885" starttime="20180209 15:55:55.882" status="PASS"></status>
</kw>
<kw library="SwingLibrary" name="Get Button Text">
<doc>Uses current context to search for a button and when found, returns the text it is labeled with.</doc>
<arguments>
<arg>${component}</arg>
</arguments>
<assign>
<var>${text}</var>
</assign>
<msg level="INFO" timestamp="20180209 15:55:55.889">${text} = X</msg>
<status endtime="20180209 15:55:55.890" starttime="20180209 15:55:55.885" status="PASS"></status>
</kw>
<kw library="BuiltIn" name="Should Be Equal">
<doc>Fails if the given objects are unequal.</doc>
<arguments>
<arg>${text}</arg>
<arg>${mark}</arg>
</arguments>
<status endtime="20180209 15:55:55.892" starttime="20180209 15:55:55.890" status="PASS"></status>
</kw>
<status endtime="20180209 15:55:55.893" starttime="20180209 15:55:55.880" status="PASS"></status>
</kw>
<kw name="Mark Location">
<arguments>
<arg>2</arg>
<arg>2</arg>
</arguments>
<kw library="BuiltIn" name="Catenate">
<doc>Catenates the given items together and returns the resulted string.</doc>
<arguments>
<arg>SEPARATOR=</arg>
<arg>Square</arg>
<arg>${row}</arg>
<arg>${col}</arg>
</arguments>
<assign>
<var>${component}</var>
</assign>
<msg level="INFO" timestamp="20180209 15:55:55.898">${component} = Square22</msg>
<status endtime="20180209 15:55:55.898" starttime="20180209 15:55:55.895" status="PASS"></status>
</kw>
<kw library="SwingLibrary" name="Click On Component">
<doc>Clicks on a component.</doc>
<arguments>
<arg>${component}</arg>
</arguments>
<status endtime="20180209 15:55:55.905" starttime="20180209 15:55:55.899" status="PASS"></status>
</kw>
<status endtime="20180209 15:55:55.906" starttime="20180209 15:55:55.894" status="PASS"></status>
</kw>
<kw name="Check Location">
<arguments>
<arg>2</arg>
<arg>2</arg>
<arg>O</arg>
</arguments>
<kw library="BuiltIn" name="Catenate">
<doc>Catenates the given items together and returns the resulted string.</doc>
<arguments>
<arg>SEPARATOR=</arg>
<arg>Square</arg>
<arg>${row}</arg>
<arg>${col}</arg>
</arguments>
<assign>
<var>${component}</var>
</assign>
<msg level="INFO" timestamp="20180209 15:55:55.911">${component} = Square22</msg>
<status endtime="20180209 15:55:55.912" starttime="20180209 15:55:55.909" status="PASS"></status>
</kw>
<kw library="SwingLibrary" name="Get Button Text">
<doc>Uses current context to search for a button and when found, returns the text it is labeled with.</doc>
<arguments>
<arg>${component}</arg>
</arguments>
<assign>
<var>${text}</var>
</assign>
<msg level="INFO" timestamp="20180209 15:55:55.922">${text} = O</msg>
<status endtime="20180209 15:55:55.923" starttime="20180209 15:55:55.914" status="PASS"></status>
</kw>
<kw library="BuiltIn" name="Should Be Equal">
<doc>Fails if the given objects are unequal.</doc>
<arguments>
<arg>${text}</arg>
<arg>${mark}</arg>
</arguments>
<status endtime="20180209 15:55:55.926" starttime="20180209 15:55:55.924" status="PASS"></status>
</kw>
<status endtime="20180209 15:55:55.927" starttime="20180209 15:55:55.907" status="PASS"></status>
</kw>
<kw name="Mark Location">
<arguments>
<arg>0</arg>
<arg>2</arg>
</arguments>
<kw library="BuiltIn" name="Catenate">
<doc>Catenates the given items together and returns the resulted string.</doc>
<arguments>
<arg>SEPARATOR=</arg>
<arg>Square</arg>
<arg>${row}</arg>
<arg>${col}</arg>
</arguments>
<assign>
<var>${component}</var>
</assign>
<msg level="INFO" timestamp="20180209 15:55:55.933">${component} = Square02</msg>
<status endtime="20180209 15:55:55.933" starttime="20180209 15:55:55.930" status="PASS"></status>
</kw>
<kw library="SwingLibrary" name="Click On Component">
<doc>Clicks on a component.</doc>
<arguments>
<arg>${component}</arg>
</arguments>
<status endtime="20180209 15:55:55.944" starttime="20180209 15:55:55.934" status="PASS"></status>
</kw>
<status endtime="20180209 15:55:55.946" starttime="20180209 15:55:55.928" status="PASS"></status>
</kw>
<kw name="Check Location">
<arguments>
<arg>0</arg>
<arg>2</arg>
<arg>X</arg>
</arguments>
<kw library="BuiltIn" name="Catenate">
<doc>Catenates the given items together and returns the resulted string.</doc>
<arguments>
<arg>SEPARATOR=</arg>
<arg>Square</arg>
<arg>${row}</arg>
<arg>${col}</arg>
</arguments>
<assign>
<var>${component}</var>
</assign>
<msg level="INFO" timestamp="20180209 15:55:55.952">${component} = Square02</msg>
<status endtime="20180209 15:55:55.953" starttime="20180209 15:55:55.950" status="PASS"></status>
</kw>
<kw library="SwingLibrary" name="Get Button Text">
<doc>Uses current context to search for a button and when found, returns the text it is labeled with.</doc>
<arguments>
<arg>${component}</arg>
</arguments>
<assign>
<var>${text}</var>
</assign>
<msg level="INFO" timestamp="20180209 15:55:55.960">${text} = X</msg>
<status endtime="20180209 15:55:55.960" starttime="20180209 15:55:55.954" status="PASS"></status>
</kw>
<kw library="BuiltIn" name="Should Be Equal">
<doc>Fails if the given objects are unequal.</doc>
<arguments>
<arg>${text}</arg>
<arg>${mark}</arg>
</arguments>
<status endtime="20180209 15:55:55.964" starttime="20180209 15:55:55.961" status="PASS"></status>
</kw>
<status endtime="20180209 15:55:55.965" starttime="20180209 15:55:55.947" status="PASS"></status>
</kw>
<kw name="Mark Location">
<arguments>
<arg>2</arg>
<arg>1</arg>
</arguments>
<kw library="BuiltIn" name="Catenate">
<doc>Catenates the given items together and returns the resulted string.</doc>
<arguments>
<arg>SEPARATOR=</arg>
<arg>Square</arg>
<arg>${row}</arg>
<arg>${col}</arg>
</arguments>
<assign>
<var>${component}</var>
</assign>
<msg level="INFO" timestamp="20180209 15:55:55.970">${component} = Square21</msg>
<status endtime="20180209 15:55:55.971" starttime="20180209 15:55:55.968" status="PASS"></status>
</kw>
<kw library="SwingLibrary" name="Click On Component">
<doc>Clicks on a component.</doc>
<arguments>
<arg>${component}</arg>
</arguments>
<status endtime="20180209 15:55:55.979" starttime="20180209 15:55:55.971" status="PASS"></status>
</kw>
<status endtime="20180209 15:55:55.980" starttime="20180209 15:55:55.966" status="PASS"></status>
</kw>
<kw name="Check Location">
<arguments>
<arg>2</arg>
<arg>1</arg>
<arg>O</arg>
</arguments>
<kw library="BuiltIn" name="Catenate">
<doc>Catenates the given items together and returns the resulted string.</doc>
<arguments>
<arg>SEPARATOR=</arg>
<arg>Square</arg>
<arg>${row}</arg>
<arg>${col}</arg>
</arguments>
<assign>
<var>${component}</var>
</assign>
<msg level="INFO" timestamp="20180209 15:55:55.985">${component} = Square21</msg>
<status endtime="20180209 15:55:55.985" starttime="20180209 15:55:55.983" status="PASS"></status>
</kw>
<kw library="SwingLibrary" name="Get Button Text">
<doc>Uses current context to search for a button and when found, returns the text it is labeled with.</doc>
<arguments>
<arg>${component}</arg>
</arguments>
<assign>
<var>${text}</var>
</assign>
<msg level="INFO" timestamp="20180209 15:55:55.993">${text} = O</msg>
<status endtime="20180209 15:55:55.993" starttime="20180209 15:55:55.986" status="PASS"></status>
</kw>
<kw library="BuiltIn" name="Should Be Equal">
<doc>Fails if the given objects are unequal.</doc>
<arguments>
<arg>${text}</arg>
<arg>${mark}</arg>
</arguments>
<status endtime="20180209 15:55:55.996" starttime="20180209 15:55:55.994" status="PASS"></status>
</kw>
<status endtime="20180209 15:55:55.997" starttime="20180209 15:55:55.981" status="PASS"></status>
</kw>
<kw name="Winner Should Be">
<arguments>
<arg>O</arg>
</arguments>
<kw library="SwingLibrary" name="Get Label Content">
<doc>Returns the text displayed on a label.</doc>
<arguments>
<arg>ResultLabel</arg>
</arguments>
<assign>
<var>${text}</var>
</assign>
<msg level="INFO" timestamp="20180209 15:55:56.004">${text} = O</msg>
<status endtime="20180209 15:55:56.004" starttime="20180209 15:55:56.000" status="PASS"></status>
</kw>
<kw library="BuiltIn" name="Should Be Equal">
<doc>Fails if the given objects are unequal.</doc>
<arguments>
<arg>${text}</arg>
<arg>${winner}</arg>
</arguments>
<status endtime="20180209 15:55:56.006" starttime="20180209 15:55:56.004" status="PASS"></status>
</kw>
<kw library="SwingLibrary" name="Close Window">
<doc>Closes a window.</doc>
<arguments>
<arg>Tic-Tac-Toe</arg>
</arguments>
<status endtime="20180209 15:55:56.165" starttime="20180209 15:55:56.007" status="PASS"></status>
</kw>
<status endtime="20180209 15:55:56.168" starttime="20180209 15:55:55.998" status="PASS"></status>
</kw>
<status critical="yes" endtime="20180209 15:55:56.172" starttime="20180209 15:55:55.696" status="PASS"></status>
</test>
<test name="Force a Tie" id="s1-s1-t3">
<kw name="Start New Game">
<kw library="SwingLibrary" name="Start Application">
<doc>Alias for `Launch Application` keyword</doc>
<arguments>
<arg>edu.jsu.mcis.TicTacToe</arg>
</arguments>
<status endtime="20180209 15:55:56.209" starttime="20180209 15:55:56.187" status="PASS"></status>
</kw>
<kw library="SwingLibrary" name="Select Window">
<doc>Selects a window as current context and sets focus to it.</doc>
<arguments>
<arg>Tic-Tac-Toe</arg>
</arguments>
<status endtime="20180209 15:55:56.282" starttime="20180209 15:55:56.210" status="PASS"></status>
</kw>
<status endtime="20180209 15:55:56.283" starttime="20180209 15:55:56.186" status="PASS"></status>
</kw>
<kw name="Mark Location">
<arguments>
<arg>1</arg>
<arg>1</arg>
</arguments>
<kw library="BuiltIn" name="Catenate">
<doc>Catenates the given items together and returns the resulted string.</doc>
<arguments>
<arg>SEPARATOR=</arg>
<arg>Square</arg>
<arg>${row}</arg>
<arg>${col}</arg>
</arguments>
<assign>
<var>${component}</var>
</assign>
<msg level="INFO" timestamp="20180209 15:55:56.287">${component} = Square11</msg>
<status endtime="20180209 15:55:56.288" starttime="20180209 15:55:56.285" status="PASS"></status>
</kw>
<kw library="SwingLibrary" name="Click On Component">
<doc>Clicks on a component.</doc>
<arguments>
<arg>${component}</arg>
</arguments>
<status endtime="20180209 15:55:56.299" starttime="20180209 15:55:56.288" status="PASS"></status>
</kw>
<status endtime="20180209 15:55:56.300" starttime="20180209 15:55:56.283" status="PASS"></status>
</kw>
<kw name="Check Location">
<arguments>
<arg>1</arg>
<arg>1</arg>
<arg>X</arg>
</arguments>
<kw library="BuiltIn" name="Catenate">
<doc>Catenates the given items together and returns the resulted string.</doc>
<arguments>
<arg>SEPARATOR=</arg>
<arg>Square</arg>
<arg>${row}</arg>
<arg>${col}</arg>
</arguments>
<assign>
<var>${component}</var>
</assign>
<msg level="INFO" timestamp="20180209 15:55:56.304">${component} = Square11</msg>
<status endtime="20180209 15:55:56.304" starttime="20180209 15:55:56.302" status="PASS"></status>
</kw>
<kw library="SwingLibrary" name="Get Button Text">
<doc>Uses current context to search for a button and when found, returns the text it is labeled with.</doc>
<arguments>
<arg>${component}</arg>
</arguments>
<assign>
<var>${text}</var>
</assign>
<msg level="INFO" timestamp="20180209 15:55:56.316">${text} = X</msg>
<status endtime="20180209 15:55:56.317" starttime="20180209 15:55:56.305" status="PASS"></status>
</kw>
<kw library="BuiltIn" name="Should Be Equal">
<doc>Fails if the given objects are unequal.</doc>
<arguments>
<arg>${text}</arg>
<arg>${mark}</arg>
</arguments>
<status endtime="20180209 15:55:56.319" starttime="20180209 15:55:56.317" status="PASS"></status>
</kw>
<status endtime="20180209 15:55:56.320" starttime="20180209 15:55:56.301" status="PASS"></status>
</kw>
<kw name="Mark Location">
<arguments>
<arg>0</arg>
<arg>0</arg>
</arguments>
<kw library="BuiltIn" name="Catenate">
<doc>Catenates the given items together and returns the resulted string.</doc>
<arguments>
<arg>SEPARATOR=</arg>
<arg>Square</arg>
<arg>${row}</arg>
<arg>${col}</arg>
</arguments>
<assign>
<var>${component}</var>
</assign>
<msg level="INFO" timestamp="20180209 15:55:56.324">${component} = Square00</msg>
<status endtime="20180209 15:55:56.324" starttime="20180209 15:55:56.322" status="PASS"></status>
</kw>
<kw library="SwingLibrary" name="Click On Component">
<doc>Clicks on a component.</doc>
<arguments>
<arg>${component}</arg>
</arguments>
<status endtime="20180209 15:55:56.332" starttime="20180209 15:55:56.325" status="PASS"></status>
</kw>
<status endtime="20180209 15:55:56.333" starttime="20180209 15:55:56.321" status="PASS"></status>
</kw>
<kw name="Check Location">
<arguments>
<arg>0</arg>
<arg>0</arg>
<arg>O</arg>
</arguments>
<kw library="BuiltIn" name="Catenate">
<doc>Catenates the given items together and returns the resulted string.</doc>
<arguments>
<arg>SEPARATOR=</arg>
<arg>Square</arg>
<arg>${row}</arg>
<arg>${col}</arg>
</arguments>
<assign>
<var>${component}</var>
</assign>
<msg level="INFO" timestamp="20180209 15:55:56.337">${component} = Square00</msg>
<status endtime="20180209 15:55:56.338" starttime="20180209 15:55:56.335" status="PASS"></status>
</kw>
<kw library="SwingLibrary" name="Get Button Text">
<doc>Uses current context to search for a button and when found, returns the text it is labeled with.</doc>
<arguments>
<arg>${component}</arg>
</arguments>
<assign>
<var>${text}</var>
</assign>
<msg level="INFO" timestamp="20180209 15:55:56.364">${text} = O</msg>
<status endtime="20180209 15:55:56.365" starttime="20180209 15:55:56.338" status="PASS"></status>
</kw>
<kw library="BuiltIn" name="Should Be Equal">
<doc>Fails if the given objects are unequal.</doc>
<arguments>
<arg>${text}</arg>
<arg>${mark}</arg>
</arguments>
<status endtime="20180209 15:55:56.367" starttime="20180209 15:55:56.365" status="PASS"></status>
</kw>
<status endtime="20180209 15:55:56.368" starttime="20180209 15:55:56.333" status="PASS"></status>
</kw>
<kw name="Mark Location">
<arguments>
<arg>2</arg>
<arg>0</arg>
</arguments>
<kw library="BuiltIn" name="Catenate">
<doc>Catenates the given items together and returns the resulted string.</doc>
<arguments>
<arg>SEPARATOR=</arg>
<arg>Square</arg>
<arg>${row}</arg>
<arg>${col}</arg>
</arguments>
<assign>
<var>${component}</var>
</assign>
<msg level="INFO" timestamp="20180209 15:55:56.371">${component} = Square20</msg>
<status endtime="20180209 15:55:56.371" starttime="20180209 15:55:56.369" status="PASS"></status>
</kw>
<kw library="SwingLibrary" name="Click On Component">
<doc>Clicks on a component.</doc>
<arguments>
<arg>${component}</arg>
</arguments>
<status endtime="20180209 15:55:56.378" starttime="20180209 15:55:56.372" status="PASS"></status>
</kw>
<status endtime="20180209 15:55:56.379" starttime="20180209 15:55:56.368" status="PASS"></status>
</kw>
<kw name="Check Location">
<arguments>
<arg>2</arg>
<arg>0</arg>
<arg>X</arg>
</arguments>
<kw library="BuiltIn" name="Catenate">
<doc>Catenates the given items together and returns the resulted string.</doc>
<arguments>
<arg>SEPARATOR=</arg>
<arg>Square</arg>
<arg>${row}</arg>
<arg>${col}</arg>
</arguments>
<assign>
<var>${component}</var>
</assign>
<msg level="INFO" timestamp="20180209 15:55:56.412">${component} = Square20</msg>
<status endtime="20180209 15:55:56.412" starttime="20180209 15:55:56.381" status="PASS"></status>
</kw>
<kw library="SwingLibrary" name="Get Button Text">
<doc>Uses current context to search for a button and when found, returns the text it is labeled with.</doc>
<arguments>
<arg>${component}</arg>
</arguments>
<assign>
<var>${text}</var>
</assign>
<msg level="INFO" timestamp="20180209 15:55:56.422">${text} = X</msg>
<status endtime="20180209 15:55:56.422" starttime="20180209 15:55:56.413" status="PASS"></status>
</kw>
<kw library="BuiltIn" name="Should Be Equal">
<doc>Fails if the given objects are unequal.</doc>
<arguments>
<arg>${text}</arg>
<arg>${mark}</arg>
</arguments>
<status endtime="20180209 15:55:56.425" starttime="20180209 15:55:56.423" status="PASS"></status>
</kw>
<status endtime="20180209 15:55:56.426" starttime="20180209 15:55:56.379" status="PASS"></status>
</kw>
<kw name="Mark Location">
<arguments>
<arg>0</arg>
<arg>2</arg>
</arguments>
<kw library="BuiltIn" name="Catenate">
<doc>Catenates the given items together and returns the resulted string.</doc>
<arguments>
<arg>SEPARATOR=</arg>
<arg>Square</arg>
<arg>${row}</arg>
<arg>${col}</arg>
</arguments>
<assign>
<var>${component}</var>
</assign>
<msg level="INFO" timestamp="20180209 15:55:56.431">${component} = Square02</msg>
<status endtime="20180209 15:55:56.431" starttime="20180209 15:55:56.429" status="PASS"></status>
</kw>
<kw library="SwingLibrary" name="Click On Component">
<doc>Clicks on a component.</doc>
<arguments>
<arg>${component}</arg>
</arguments>
<status endtime="20180209 15:55:56.441" starttime="20180209 15:55:56.432" status="PASS"></status>
</kw>
<status endtime="20180209 15:55:56.441" starttime="20180209 15:55:56.427" status="PASS"></status>
</kw>
<kw name="Check Location">
<arguments>
<arg>0</arg>
<arg>2</arg>
<arg>O</arg>
</arguments>
<kw library="BuiltIn" name="Catenate">
<doc>Catenates the given items together and returns the resulted string.</doc>
<arguments>
<arg>SEPARATOR=</arg>
<arg>Square</arg>
<arg>${row}</arg>
<arg>${col}</arg>
</arguments>
<assign>
<var>${component}</var>
</assign>
<msg level="INFO" timestamp="20180209 15:55:56.445">${component} = Square02</msg>
<status endtime="20180209 15:55:56.445" starttime="20180209 15:55:56.443" status="PASS"></status>
</kw>
<kw library="SwingLibrary" name="Get Button Text">
<doc>Uses current context to search for a button and when found, returns the text it is labeled with.</doc>
<arguments>
<arg>${component}</arg>
</arguments>
<assign>
<var>${text}</var>
</assign>
<msg level="INFO" timestamp="20180209 15:55:56.450">${text} = O</msg>
<status endtime="20180209 15:55:56.450" starttime="20180209 15:55:56.446" status="PASS"></status>
</kw>
<kw library="BuiltIn" name="Should Be Equal">
<doc>Fails if the given objects are unequal.</doc>
<arguments>
<arg>${text}</arg>
<arg>${mark}</arg>
</arguments>
<status endtime="20180209 15:55:56.452" starttime="20180209 15:55:56.450" status="PASS"></status>
</kw>
<status endtime="20180209 15:55:56.452" starttime="20180209 15:55:56.442" status="PASS"></status>
</kw>
<kw name="Mark Location">
<arguments>
<arg>0</arg>
<arg>1</arg>
</arguments>
<kw library="BuiltIn" name="Catenate">
<doc>Catenates the given items together and returns the resulted string.</doc>
<arguments>
<arg>SEPARATOR=</arg>
<arg>Square</arg>
<arg>${row}</arg>
<arg>${col}</arg>
</arguments>
<assign>
<var>${component}</var>
</assign>
<msg level="INFO" timestamp="20180209 15:55:56.456">${component} = Square01</msg>
<status endtime="20180209 15:55:56.456" starttime="20180209 15:55:56.454" status="PASS"></status>
</kw>
<kw library="SwingLibrary" name="Click On Component">
<doc>Clicks on a component.</doc>
<arguments>
<arg>${component}</arg>
</arguments>
<status endtime="20180209 15:55:56.462" starttime="20180209 15:55:56.456" status="PASS"></status>
</kw>
<status endtime="20180209 15:55:56.463" starttime="20180209 15:55:56.453" status="PASS"></status>
</kw>
<kw name="Check Location">
<arguments>
<arg>0</arg>
<arg>1</arg>
<arg>X</arg>
</arguments>
<kw library="BuiltIn" name="Catenate">
<doc>Catenates the given items together and returns the resulted string.</doc>
<arguments>
<arg>SEPARATOR=</arg>
<arg>Square</arg>
<arg>${row}</arg>
<arg>${col}</arg>
</arguments>
<assign>
<var>${component}</var>
</assign>
<msg level="INFO" timestamp="20180209 15:55:56.468">${component} = Square01</msg>
<status endtime="20180209 15:55:56.469" starttime="20180209 15:55:56.466" status="PASS"></status>
</kw>
<kw library="SwingLibrary" name="Get Button Text">
<doc>Uses current context to search for a button and when found, returns the text it is labeled with.</doc>
<arguments>
<arg>${component}</arg>
</arguments>
<assign>
<var>${text}</var>
</assign>
<msg level="INFO" timestamp="20180209 15:55:56.476">${text} = X</msg>
<status endtime="20180209 15:55:56.477" starttime="20180209 15:55:56.469" status="PASS"></status>
</kw>
<kw library="BuiltIn" name="Should Be Equal">
<doc>Fails if the given objects are unequal.</doc>
<arguments>
<arg>${text}</arg>
<arg>${mark}</arg>
</arguments>
<status endtime="20180209 15:55:56.479" starttime="20180209 15:55:56.477" status="PASS"></status>
</kw>
<status endtime="20180209 15:55:56.479" starttime="20180209 15:55:56.463" status="PASS"></status>
</kw>
<kw name="Mark Location">
<arguments>
<arg>2</arg>
<arg>1</arg>
</arguments>
<kw library="BuiltIn" name="Catenate">
<doc>Catenates the given items together and returns the resulted string.</doc>
<arguments>
<arg>SEPARATOR=</arg>
<arg>Square</arg>
<arg>${row}</arg>
<arg>${col}</arg>
</arguments>
<assign>
<var>${component}</var>
</assign>
<msg level="INFO" timestamp="20180209 15:55:56.483">${component} = Square21</msg>
<status endtime="20180209 15:55:56.483" starttime="20180209 15:55:56.481" status="PASS"></status>
</kw>
<kw library="SwingLibrary" name="Click On Component">
<doc>Clicks on a component.</doc>
<arguments>
<arg>${component}</arg>
</arguments>
<status endtime="20180209 15:55:56.490" starttime="20180209 15:55:56.484" status="PASS"></status>
</kw>
<status endtime="20180209 15:55:56.491" starttime="20180209 15:55:56.480" status="PASS"></status>
</kw>
<kw name="Check Location">
<arguments>
<arg>2</arg>
<arg>1</arg>
<arg>O</arg>
</arguments>
<kw library="BuiltIn" name="Catenate">
<doc>Catenates the given items together and returns the resulted string.</doc>
<arguments>
<arg>SEPARATOR=</arg>
<arg>Square</arg>
<arg>${row}</arg>
<arg>${col}</arg>
</arguments>
<assign>
<var>${component}</var>
</assign>
<msg level="INFO" timestamp="20180209 15:55:56.495">${component} = Square21</msg>
<status endtime="20180209 15:55:56.496" starttime="20180209 15:55:56.493" status="PASS"></status>
</kw>
<kw library="SwingLibrary" name="Get Button Text">
<doc>Uses current context to search for a button and when found, returns the text it is labeled with.</doc>
<arguments>
<arg>${component}</arg>
</arguments>
<assign>
<var>${text}</var>
</assign>
<msg level="INFO" timestamp="20180209 15:55:56.502">${text} = O</msg>
<status endtime="20180209 15:55:56.502" starttime="20180209 15:55:56.496" status="PASS"></status>
</kw>
<kw library="BuiltIn" name="Should Be Equal">
<doc>Fails if the given objects are unequal.</doc>
<arguments>
<arg>${text}</arg>
<arg>${mark}</arg>
</arguments>
<status endtime="20180209 15:55:56.504" starttime="20180209 15:55:56.503" status="PASS"></status>
</kw>
<status endtime="20180209 15:55:56.505" starttime="20180209 15:55:56.492" status="PASS"></status>
</kw>
<kw name="Mark Location">
<arguments>
<arg>1</arg>
<arg>2</arg>
</arguments>
<kw library="BuiltIn" name="Catenate">
<doc>Catenates the given items together and returns the resulted string.</doc>
<arguments>
<arg>SEPARATOR=</arg>
<arg>Square</arg>
<arg>${row}</arg>
<arg>${col}</arg>
</arguments>
<assign>
<var>${component}</var>
</assign>
<msg level="INFO" timestamp="20180209 15:55:56.508">${component} = Square12</msg>
<status endtime="20180209 15:55:56.509" starttime="20180209 15:55:56.507" status="PASS"></status>
</kw>
<kw library="SwingLibrary" name="Click On Component">
<doc>Clicks on a component.</doc>
<arguments>
<arg>${component}</arg>
</arguments>
<status endtime="20180209 15:55:56.516" starttime="20180209 15:55:56.509" status="PASS"></status>
</kw>
<status endtime="20180209 15:55:56.516" starttime="20180209 15:55:56.505" status="PASS"></status>
</kw>
<kw name="Check Location">
<arguments>
<arg>1</arg>
<arg>2</arg>
<arg>X</arg>
</arguments>
<kw library="BuiltIn" name="Catenate">
<doc>Catenates the given items together and returns the resulted string.</doc>
<arguments>
<arg>SEPARATOR=</arg>
<arg>Square</arg>
<arg>${row}</arg>
<arg>${col}</arg>
</arguments>
<assign>
<var>${component}</var>
</assign>
<msg level="INFO" timestamp="20180209 15:55:56.521">${component} = Square12</msg>
<status endtime="20180209 15:55:56.521" starttime="20180209 15:55:56.519" status="PASS"></status>
</kw>
<kw library="SwingLibrary" name="Get Button Text">
<doc>Uses current context to search for a button and when found, returns the text it is labeled with.</doc>
<arguments>
<arg>${component}</arg>
</arguments>
<assign>
<var>${text}</var>
</assign>
<msg level="INFO" timestamp="20180209 15:55:56.528">${text} = X</msg>
<status endtime="20180209 15:55:56.528" starttime="20180209 15:55:56.522" status="PASS"></status>
</kw>
<kw library="BuiltIn" name="Should Be Equal">
<doc>Fails if the given objects are unequal.</doc>
<arguments>
<arg>${text}</arg>
<arg>${mark}</arg>
</arguments>
<status endtime="20180209 15:55:56.530" starttime="20180209 15:55:56.529" status="PASS"></status>
</kw>
<status endtime="20180209 15:55:56.531" starttime="20180209 15:55:56.517" status="PASS"></status>
</kw>
<kw name="Mark Location">
<arguments>
<arg>1</arg>
<arg>0</arg>
</arguments>
<kw library="BuiltIn" name="Catenate">
<doc>Catenates the given items together and returns the resulted string.</doc>
<arguments>
<arg>SEPARATOR=</arg>
<arg>Square</arg>
<arg>${row}</arg>
<arg>${col}</arg>
</arguments>
<assign>
<var>${component}</var>
</assign>
<msg level="INFO" timestamp="20180209 15:55:56.536">${component} = Square10</msg>
<status endtime="20180209 15:55:56.536" starttime="20180209 15:55:56.534" status="PASS"></status>
</kw>
<kw library="SwingLibrary" name="Click On Component">
<doc>Clicks on a component.</doc>
<arguments>
<arg>${component}</arg>
</arguments>
<status endtime="20180209 15:55:56.544" starttime="20180209 15:55:56.537" status="PASS"></status>
</kw>
<status endtime="20180209 15:55:56.544" starttime="20180209 15:55:56.532" status="PASS"></status>
</kw>
<kw name="Check Location">
<arguments>
<arg>1</arg>
<arg>0</arg>
<arg>O</arg>
</arguments>
<kw library="BuiltIn" name="Catenate">
<doc>Catenates the given items together and returns the resulted string.</doc>
<arguments>
<arg>SEPARATOR=</arg>
<arg>Square</arg>
<arg>${row}</arg>
<arg>${col}</arg>
</arguments>
<assign>
<var>${component}</var>
</assign>
<msg level="INFO" timestamp="20180209 15:55:56.549">${component} = Square10</msg>
<status endtime="20180209 15:55:56.549" starttime="20180209 15:55:56.547" status="PASS"></status>
</kw>
<kw library="SwingLibrary" name="Get Button Text">
<doc>Uses current context to search for a button and when found, returns the text it is labeled with.</doc>
<arguments>
<arg>${component}</arg>
</arguments>
<assign>
<var>${text}</var>
</assign>
<msg level="INFO" timestamp="20180209 15:55:56.554">${text} = O</msg>
<status endtime="20180209 15:55:56.555" starttime="20180209 15:55:56.550" status="PASS"></status>
</kw>
<kw library="BuiltIn" name="Should Be Equal">
<doc>Fails if the given objects are unequal.</doc>
<arguments>
<arg>${text}</arg>
<arg>${mark}</arg>
</arguments>
<status endtime="20180209 15:55:56.557" starttime="20180209 15:55:56.555" status="PASS"></status>
</kw>
<status endtime="20180209 15:55:56.557" starttime="20180209 15:55:56.545" status="PASS"></status>
</kw>
<kw name="Mark Location">
<arguments>
<arg>2</arg>
<arg>2</arg>
</arguments>
<kw library="BuiltIn" name="Catenate">
<doc>Catenates the given items together and returns the resulted string.</doc>
<arguments>
<arg>SEPARATOR=</arg>
<arg>Square</arg>
<arg>${row}</arg>
<arg>${col}</arg>
</arguments>
<assign>
<var>${component}</var>
</assign>
<msg level="INFO" timestamp="20180209 15:55:56.561">${component} = Square22</msg>
<status endtime="20180209 15:55:56.561" starttime="20180209 15:55:56.559" status="PASS"></status>
</kw>
<kw library="SwingLibrary" name="Click On Component">
<doc>Clicks on a component.</doc>
<arguments>
<arg>${component}</arg>
</arguments>
<status endtime="20180209 15:55:56.569" starttime="20180209 15:55:56.562" status="PASS"></status>
</kw>
<status endtime="20180209 15:55:56.570" starttime="20180209 15:55:56.558" status="PASS"></status>
</kw>
<kw name="Check Location">
<arguments>
<arg>2</arg>
<arg>2</arg>
<arg>X</arg>
</arguments>
<kw library="BuiltIn" name="Catenate">
<doc>Catenates the given items together and returns the resulted string.</doc>
<arguments>
<arg>SEPARATOR=</arg>
<arg>Square</arg>
<arg>${row}</arg>
<arg>${col}</arg>
</arguments>
<assign>
<var>${component}</var>
</assign>
<msg level="INFO" timestamp="20180209 15:55:56.575">${component} = Square22</msg>
<status endtime="20180209 15:55:56.576" starttime="20180209 15:55:56.573" status="PASS"></status>
</kw>
<kw library="SwingLibrary" name="Get Button Text">
<doc>Uses current context to search for a button and when found, returns the text it is labeled with.</doc>
<arguments>
<arg>${component}</arg>
</arguments>
<assign>
<var>${text}</var>
</assign>
<msg level="INFO" timestamp="20180209 15:55:56.583">${text} = X</msg>
<status endtime="20180209 15:55:56.584" starttime="20180209 15:55:56.577" status="PASS"></status>
</kw>
<kw library="BuiltIn" name="Should Be Equal">
<doc>Fails if the given objects are unequal.</doc>
<arguments>
<arg>${text}</arg>
<arg>${mark}</arg>
</arguments>
<status endtime="20180209 15:55:56.586" starttime="20180209 15:55:56.584" status="PASS"></status>
</kw>
<status endtime="20180209 15:55:56.587" starttime="20180209 15:55:56.571" status="PASS"></status>
</kw>
<kw name="Winner Should Be">
<arguments>
<arg>TIE</arg>
</arguments>
<kw library="SwingLibrary" name="Get Label Content">
<doc>Returns the text displayed on a label.</doc>
<arguments>
<arg>ResultLabel</arg>
</arguments>
<assign>
<var>${text}</var>
</assign>
<msg level="INFO" timestamp="20180209 15:55:56.591">${text} = TIE</msg>
<status endtime="20180209 15:55:56.591" starttime="20180209 15:55:56.588" status="PASS"></status>
</kw>
<kw library="BuiltIn" name="Should Be Equal">
<doc>Fails if the given objects are unequal.</doc>
<arguments>
<arg>${text}</arg>
<arg>${winner}</arg>
</arguments>
<status endtime="20180209 15:55:56.593" starttime="20180209 15:55:56.592" status="PASS"></status>
</kw>
<kw library="SwingLibrary" name="Close Window">
<doc>Closes a window.</doc>
<arguments>
<arg>Tic-Tac-Toe</arg>
</arguments>
<status endtime="20180209 15:55:56.751" starttime="20180209 15:55:56.594" status="PASS"></status>
</kw>
<status endtime="20180209 15:55:56.751" starttime="20180209 15:55:56.587" status="PASS"></status>
</kw>
<status critical="yes" endtime="20180209 15:55:56.752" starttime="20180209 15:55:56.179" status="PASS"></status>
</test>
<status endtime="20180209 15:55:56.755" starttime="20180209 15:55:54.068" status="PASS"></status>
</suite>
<suite source="F:\JWilliamson\cs310-tic-tac-toe\src\test\acceptancetest\TicTacToeTests.robot" name="TicTacToeTests" id="s1-s2">
<test name="Win Diagonally as X" id="s1-s2-t1">
<kw library="keywords.TicTacToeKeywords" name="Start New Game">
<status endtime="20180209 15:55:56.787" starttime="20180209 15:55:56.785" status="PASS"></status>
</kw>
<kw library="keywords.TicTacToeKeywords" name="Mark Location">
<arguments>
<arg>1</arg>
<arg>1</arg>
</arguments>
<status endtime="20180209 15:55:56.788" starttime="20180209 15:55:56.787" status="PASS"></status>
</kw>
<kw name="Check Location">
<arguments>
<arg>1</arg>
<arg>1</arg>
<arg>X</arg>
</arguments>
<kw library="keywords.TicTacToeKeywords" name="Get Mark">
<arguments>
<arg>${row}</arg>
<arg>${col}</arg>
</arguments>
<assign>
<var>${m}</var>
</assign>
<msg level="INFO" timestamp="20180209 15:55:56.793">${m} = X</msg>
<status endtime="20180209 15:55:56.794" starttime="20180209 15:55:56.791" status="PASS"></status>
</kw>
<kw library="BuiltIn" name="Should Be Equal">
<doc>Fails if the given objects are unequal.</doc>
<arguments>
<arg>${m}</arg>
<arg>${mark}</arg>
</arguments>
<status endtime="20180209 15:55:56.796" starttime="20180209 15:55:56.794" status="PASS"></status>
</kw>
<status endtime="20180209 15:55:56.797" starttime="20180209 15:55:56.789" status="PASS"></status>
</kw>
<kw library="keywords.TicTacToeKeywords" name="Mark Location">
<arguments>
<arg>0</arg>
<arg>1</arg>
</arguments>
<status endtime="20180209 15:55:56.799" starttime="20180209 15:55:56.797" status="PASS"></status>
</kw>
<kw name="Check Location">
<arguments>
<arg>0</arg>
<arg>1</arg>
<arg>O</arg>
</arguments>
<kw library="keywords.TicTacToeKeywords" name="Get Mark">
<arguments>
<arg>${row}</arg>
<arg>${col}</arg>
</arguments>
<assign>
<var>${m}</var>
</assign>
<msg level="INFO" timestamp="20180209 15:55:56.802">${m} = O</msg>
<status endtime="20180209 15:55:56.803" starttime="20180209 15:55:56.801" status="PASS"></status>
</kw>
<kw library="BuiltIn" name="Should Be Equal">
<doc>Fails if the given objects are unequal.</doc>
<arguments>
<arg>${m}</arg>
<arg>${mark}</arg>
</arguments>
<status endtime="20180209 15:55:56.805" starttime="20180209 15:55:56.803" status="PASS"></status>
</kw>
<status endtime="20180209 15:55:56.805" starttime="20180209 15:55:56.800" status="PASS"></status>
</kw>
<kw library="keywords.TicTacToeKeywords" name="Mark Location">
<arguments>
<arg>0</arg>
<arg>0</arg>
</arguments>
<status endtime="20180209 15:55:56.807" starttime="20180209 15:55:56.806" status="PASS"></status>
</kw>
<kw name="Check Location">
<arguments>
<arg>0</arg>
<arg>0</arg>
<arg>X</arg>
</arguments>
<kw library="keywords.TicTacToeKeywords" name="Get Mark">
<arguments>
<arg>${row}</arg>
<arg>${col}</arg>
</arguments>
<assign>
<var>${m}</var>
</assign>
<msg level="INFO" timestamp="20180209 15:55:56.811">${m} = X</msg>
<status endtime="20180209 15:55:56.811" starttime="20180209 15:55:56.809" status="PASS"></status>
</kw>
<kw library="BuiltIn" name="Should Be Equal">
<doc>Fails if the given objects are unequal.</doc>
<arguments>
<arg>${m}</arg>
<arg>${mark}</arg>
</arguments>
<status endtime="20180209 15:55:56.813" starttime="20180209 15:55:56.812" status="PASS"></status>
</kw>
<status endtime="20180209 15:55:56.814" starttime="20180209 15:55:56.808" status="PASS"></status>
</kw>
<kw library="keywords.TicTacToeKeywords" name="Mark Location">
<arguments>
<arg>0</arg>
<arg>2</arg>
</arguments>
<status endtime="20180209 15:55:56.815" starttime="20180209 15:55:56.814" status="PASS"></status>
</kw>
<kw name="Check Location">
<arguments>
<arg>0</arg>
<arg>2</arg>
<arg>O</arg>
</arguments>
<kw library="keywords.TicTacToeKeywords" name="Get Mark">
<arguments>
<arg>${row}</arg>
<arg>${col}</arg>
</arguments>
<assign>
<var>${m}</var>
</assign>
<msg level="INFO" timestamp="20180209 15:55:56.818">${m} = O</msg>
<status endtime="20180209 15:55:56.819" starttime="20180209 15:55:56.817" status="PASS"></status>
</kw>
<kw library="BuiltIn" name="Should Be Equal">
<doc>Fails if the given objects are unequal.</doc>
<arguments>
<arg>${m}</arg>
<arg>${mark}</arg>
</arguments>
<status endtime="20180209 15:55:56.821" starttime="20180209 15:55:56.819" status="PASS"></status>
</kw>
<status endtime="20180209 15:55:56.821" starttime="20180209 15:55:56.816" status="PASS"></status>
</kw>
<kw library="keywords.TicTacToeKeywords" name="Mark Location">
<arguments>
<arg>2</arg>
<arg>2</arg>
</arguments>
<status endtime="20180209 15:55:56.823" starttime="20180209 15:55:56.822" status="PASS"></status>
</kw>
<kw name="Check Location">
<arguments>
<arg>2</arg>
<arg>2</arg>
<arg>X</arg>
</arguments>
<kw library="keywords.TicTacToeKeywords" name="Get Mark">
<arguments>
<arg>${row}</arg>
<arg>${col}</arg>
</arguments>
<assign>
<var>${m}</var>
</assign>
<msg level="INFO" timestamp="20180209 15:55:56.826">${m} = X</msg>
<status endtime="20180209 15:55:56.826" starttime="20180209 15:55:56.825" status="PASS"></status>
</kw>
<kw library="BuiltIn" name="Should Be Equal">
<doc>Fails if the given objects are unequal.</doc>
<arguments>
<arg>${m}</arg>
<arg>${mark}</arg>
</arguments>
<status endtime="20180209 15:55:56.828" starttime="20180209 15:55:56.827" status="PASS"></status>
</kw>
<status endtime="20180209 15:55:56.829" starttime="20180209 15:55:56.823" status="PASS"></status>
</kw>
<kw name="Winner Should Be">
<arguments>
<arg>X</arg>
</arguments>
<kw library="keywords.TicTacToeKeywords" name="Get Winner">
<assign>
<var>${m}</var>
</assign>
<msg level="INFO" timestamp="20180209 15:55:56.833">${m} = X</msg>
<status endtime="20180209 15:55:56.833" starttime="20180209 15:55:56.831" status="PASS"></status>
</kw>
<kw library="BuiltIn" name="Should Be Equal">
<doc>Fails if the given objects are unequal.</doc>
<arguments>
<arg>${m}</arg>
<arg>${mark}</arg>
</arguments>
<status endtime="20180209 15:55:56.835" starttime="20180209 15:55:56.834" status="PASS"></status>
</kw>
<status endtime="20180209 15:55:56.836" starttime="20180209 15:55:56.830" status="PASS"></status>
</kw>
<status critical="yes" endtime="20180209 15:55:56.837" starttime="20180209 15:55:56.784" status="PASS"></status>
</test>
<test name="Win Horizontally as O" id="s1-s2-t2">
<kw library="keywords.TicTacToeKeywords" name="Start New Game">
<status endtime="20180209 15:55:56.840" starttime="20180209 15:55:56.839" status="PASS"></status>
</kw>
<kw library="keywords.TicTacToeKeywords" name="Mark Location">
<arguments>
<arg>1</arg>
<arg>1</arg>
</arguments>
<status endtime="20180209 15:55:56.842" starttime="20180209 15:55:56.841" status="PASS"></status>
</kw>
<kw name="Check Location">
<arguments>
<arg>1</arg>
<arg>1</arg>
<arg>X</arg>
</arguments>
<kw library="keywords.TicTacToeKeywords" name="Get Mark">
<arguments>
<arg>${row}</arg>
<arg>${col}</arg>
</arguments>
<assign>
<var>${m}</var>
</assign>
<msg level="INFO" timestamp="20180209 15:55:56.845">${m} = X</msg>
<status endtime="20180209 15:55:56.846" starttime="20180209 15:55:56.844" status="PASS"></status>
</kw>
<kw library="BuiltIn" name="Should Be Equal">
<doc>Fails if the given objects are unequal.</doc>
<arguments>
<arg>${m}</arg>
<arg>${mark}</arg>
</arguments>
<status endtime="20180209 15:55:56.847" starttime="20180209 15:55:56.846" status="PASS"></status>
</kw>
<status endtime="20180209 15:55:56.848" starttime="20180209 15:55:56.843" status="PASS"></status>
</kw>
<kw library="keywords.TicTacToeKeywords" name="Mark Location">
<arguments>
<arg>2</arg>
<arg>0</arg>
</arguments>
<status endtime="20180209 15:55:56.849" starttime="20180209 15:55:56.848" status="PASS"></status>
</kw>
<kw name="Check Location">
<arguments>
<arg>2</arg>
<arg>0</arg>
<arg>O</arg>
</arguments>
<kw library="keywords.TicTacToeKeywords" name="Get Mark">
<arguments>
<arg>${row}</arg>
<arg>${col}</arg>
</arguments>
<assign>
<var>${m}</var>
</assign>
<msg level="INFO" timestamp="20180209 15:55:56.852">${m} = O</msg>
<status endtime="20180209 15:55:56.853" starttime="20180209 15:55:56.851" status="PASS"></status>
</kw>
<kw library="BuiltIn" name="Should Be Equal">
<doc>Fails if the given objects are unequal.</doc>
<arguments>
<arg>${m}</arg>
<arg>${mark}</arg>
</arguments>
<status endtime="20180209 15:55:56.855" starttime="20180209 15:55:56.853" status="PASS"></status>
</kw>
<status endtime="20180209 15:55:56.855" starttime="20180209 15:55:56.850" status="PASS"></status>
</kw>
<kw library="keywords.TicTacToeKeywords" name="Mark Location">
<arguments>
<arg>0</arg>
<arg>0</arg>
</arguments>
<status endtime="20180209 15:55:56.857" starttime="20180209 15:55:56.856" status="PASS"></status>
</kw>
<kw name="Check Location">
<arguments>
<arg>0</arg>
<arg>0</arg>
<arg>X</arg>
</arguments>
<kw library="keywords.TicTacToeKeywords" name="Get Mark">
<arguments>
<arg>${row}</arg>
<arg>${col}</arg>
</arguments>
<assign>
<var>${m}</var>
</assign>
<msg level="INFO" timestamp="20180209 15:55:56.860">${m} = X</msg>
<status endtime="20180209 15:55:56.860" starttime="20180209 15:55:56.859" status="PASS"></status>
</kw>
<kw library="BuiltIn" name="Should Be Equal">
<doc>Fails if the given objects are unequal.</doc>
<arguments>
<arg>${m}</arg>
<arg>${mark}</arg>
</arguments>
<status endtime="20180209 15:55:56.862" starttime="20180209 15:55:56.861" status="PASS"></status>
</kw>
<status endtime="20180209 15:55:56.863" starttime="20180209 15:55:56.857" status="PASS"></status>
</kw>
<kw library="keywords.TicTacToeKeywords" name="Mark Location">
<arguments>
<arg>2</arg>
<arg>2</arg>
</arguments>
<status endtime="20180209 15:55:56.865" starttime="20180209 15:55:56.864" status="PASS"></status>
</kw>
<kw name="Check Location">
<arguments>
<arg>2</arg>
<arg>2</arg>
<arg>O</arg>
</arguments>
<kw library="keywords.TicTacToeKeywords" name="Get Mark">
<arguments>
<arg>${row}</arg>
<arg>${col}</arg>
</arguments>
<assign>
<var>${m}</var>
</assign>
<msg level="INFO" timestamp="20180209 15:55:56.868">${m} = O</msg>
<status endtime="20180209 15:55:56.868" starttime="20180209 15:55:56.867" status="PASS"></status>
</kw>
<kw library="BuiltIn" name="Should Be Equal">
<doc>Fails if the given objects are unequal.</doc>
<arguments>
<arg>${m}</arg>
<arg>${mark}</arg>
</arguments>
<status endtime="20180209 15:55:56.870" starttime="20180209 15:55:56.869" status="PASS"></status>
</kw>
<status endtime="20180209 15:55:56.871" starttime="20180209 15:55:56.865" status="PASS"></status>
</kw>
<kw library="keywords.TicTacToeKeywords" name="Mark Location">
<arguments>
<arg>0</arg>
<arg>2</arg>
</arguments>
<status endtime="20180209 15:55:56.873" starttime="20180209 15:55:56.871" status="PASS"></status>
</kw>
<kw name="Check Location">
<arguments>
<arg>0</arg>
<arg>2</arg>
<arg>X</arg>
</arguments>
<kw library="keywords.TicTacToeKeywords" name="Get Mark">
<arguments>
<arg>${row}</arg>
<arg>${col}</arg>
</arguments>
<assign>
<var>${m}</var>
</assign>
<msg level="INFO" timestamp="20180209 15:55:56.876">${m} = X</msg>
<status endtime="20180209 15:55:56.876" starttime="20180209 15:55:56.874" status="PASS"></status>
</kw>
<kw library="BuiltIn" name="Should Be Equal">
<doc>Fails if the given objects are unequal.</doc>
<arguments>
<arg>${m}</arg>
<arg>${mark}</arg>
</arguments>
<status endtime="20180209 15:55:56.878" starttime="20180209 15:55:56.877" status="PASS"></status>
</kw>
<status endtime="20180209 15:55:56.879" starttime="20180209 15:55:56.873" status="PASS"></status>
</kw>
<kw library="keywords.TicTacToeKeywords" name="Mark Location">
<arguments>
<arg>2</arg>
<arg>1</arg>
</arguments>
<status endtime="20180209 15:55:56.881" starttime="20180209 15:55:56.880" status="PASS"></status>
</kw>
<kw name="Check Location">
<arguments>
<arg>2</arg>
<arg>1</arg>
<arg>O</arg>
</arguments>
<kw library="keywords.TicTacToeKeywords" name="Get Mark">
<arguments>
<arg>${row}</arg>
<arg>${col}</arg>
</arguments>
<assign>
<var>${m}</var>
</assign>
<msg level="INFO" timestamp="20180209 15:55:56.884">${m} = O</msg>
<status endtime="20180209 15:55:56.885" starttime="20180209 15:55:56.883" status="PASS"></status>
</kw>
<kw library="BuiltIn" name="Should Be Equal">
<doc>Fails if the given objects are unequal.</doc>
<arguments>
<arg>${m}</arg>
<arg>${mark}</arg>
</arguments>
<status endtime="20180209 15:55:56.888" starttime="20180209 15:55:56.885" status="PASS"></status>
</kw>
<status endtime="20180209 15:55:56.889" starttime="20180209 15:55:56.881" status="PASS"></status>
</kw>
<kw name="Winner Should Be">
<arguments>
<arg>O</arg>
</arguments>
<kw library="keywords.TicTacToeKeywords" name="Get Winner">
<assign>
<var>${m}</var>
</assign>
<msg level="INFO" timestamp="20180209 15:55:56.892">${m} = O</msg>
<status endtime="20180209 15:55:56.892" starttime="20180209 15:55:56.891" status="PASS"></status>
</kw>
<kw library="BuiltIn" name="Should Be Equal">
<doc>Fails if the given objects are unequal.</doc>
<arguments>
<arg>${m}</arg>
<arg>${mark}</arg>
</arguments>
<status endtime="20180209 15:55:56.894" starttime="20180209 15:55:56.893" status="PASS"></status>
</kw>
<status endtime="20180209 15:55:56.895" starttime="20180209 15:55:56.890" status="PASS"></status>
</kw>
<status critical="yes" endtime="20180209 15:55:56.895" starttime="20180209 15:55:56.838" status="PASS"></status>
</test>
<test name="Force a Tie" id="s1-s2-t3">
<kw library="keywords.TicTacToeKeywords" name="Start New Game">
<status endtime="20180209 15:55:56.900" starttime="20180209 15:55:56.899" status="PASS"></status>
</kw>
<kw library="keywords.TicTacToeKeywords" name="Mark Location">
<arguments>
<arg>1</arg>
<arg>1</arg>
</arguments>
<status endtime="20180209 15:55:56.901" starttime="20180209 15:55:56.901" status="PASS"></status>
</kw>
<kw name="Check Location">
<arguments>
<arg>1</arg>
<arg>1</arg>
<arg>X</arg>
</arguments>
<kw library="keywords.TicTacToeKeywords" name="Get Mark">
<arguments>
<arg>${row}</arg>
<arg>${col}</arg>
</arguments>
<assign>
<var>${m}</var>
</assign>
<msg level="INFO" timestamp="20180209 15:55:56.905">${m} = X</msg>
<status endtime="20180209 15:55:56.905" starttime="20180209 15:55:56.903" status="PASS"></status>
</kw>
<kw library="BuiltIn" name="Should Be Equal">
<doc>Fails if the given objects are unequal.</doc>
<arguments>
<arg>${m}</arg>
<arg>${mark}</arg>
</arguments>
<status endtime="20180209 15:55:56.907" starttime="20180209 15:55:56.906" status="PASS"></status>
</kw>
<status endtime="20180209 15:55:56.907" starttime="20180209 15:55:56.902" status="PASS"></status>
</kw>
<kw library="keywords.TicTacToeKeywords" name="Mark Location">
<arguments>
<arg>0</arg>
<arg>0</arg>
</arguments>
<status endtime="20180209 15:55:56.909" starttime="20180209 15:55:56.908" status="PASS"></status>
</kw>
<kw name="Check Location">
<arguments>
<arg>0</arg>
<arg>0</arg>
<arg>O</arg>
</arguments>
<kw library="keywords.TicTacToeKeywords" name="Get Mark">
<arguments>
<arg>${row}</arg>
<arg>${col}</arg>
</arguments>
<assign>
<var>${m}</var>
</assign>
<msg level="INFO" timestamp="20180209 15:55:56.912">${m} = O</msg>
<status endtime="20180209 15:55:56.912" starttime="20180209 15:55:56.911" status="PASS"></status>
</kw>
<kw library="BuiltIn" name="Should Be Equal">
<doc>Fails if the given objects are unequal.</doc>
<arguments>
<arg>${m}</arg>
<arg>${mark}</arg>
</arguments>
<status endtime="20180209 15:55:56.915" starttime="20180209 15:55:56.913" status="PASS"></status>
</kw>
<status endtime="20180209 15:55:56.916" starttime="20180209 15:55:56.909" status="PASS"></status>
</kw>
<kw library="keywords.TicTacToeKeywords" name="Mark Location">
<arguments>
<arg>2</arg>
<arg>0</arg>
</arguments>
<status endtime="20180209 15:55:56.919" starttime="20180209 15:55:56.917" status="PASS"></status>
</kw>
<kw name="Check Location">
<arguments>
<arg>2</arg>
<arg>0</arg>
<arg>X</arg>
</arguments>
<kw library="keywords.TicTacToeKeywords" name="Get Mark">
<arguments>
<arg>${row}</arg>
<arg>${col}</arg>
</arguments>
<assign>
<var>${m}</var>
</assign>
<msg level="INFO" timestamp="20180209 15:55:56.925">${m} = X</msg>
<status endtime="20180209 15:55:56.926" starttime="20180209 15:55:56.922" status="PASS"></status>
</kw>
<kw library="BuiltIn" name="Should Be Equal">
<doc>Fails if the given objects are unequal.</doc>
<arguments>
<arg>${m}</arg>
<arg>${mark}</arg>
</arguments>
<status endtime="20180209 15:55:56.929" starttime="20180209 15:55:56.926" status="PASS"></status>
</kw>
<status endtime="20180209 15:55:56.930" starttime="20180209 15:55:56.920" status="PASS"></status>
</kw>
<kw library="keywords.TicTacToeKeywords" name="Mark Location">
<arguments>
<arg>0</arg>
<arg>2</arg>
</arguments>
<status endtime="20180209 15:55:56.934" starttime="20180209 15:55:56.930" status="PASS"></status>
</kw>
<kw name="Check Location">
<arguments>
<arg>0</arg>
<arg>2</arg>
<arg>O</arg>
</arguments>
<kw library="keywords.TicTacToeKeywords" name="Get Mark">
<arguments>
<arg>${row}</arg>
<arg>${col}</arg>
</arguments>
<assign>
<var>${m}</var>
</assign>
<msg level="INFO" timestamp="20180209 15:55:56.938">${m} = O</msg>
<status endtime="20180209 15:55:56.939" starttime="20180209 15:55:56.937" status="PASS"></status>
</kw>
<kw library="BuiltIn" name="Should Be Equal">
<doc>Fails if the given objects are unequal.</doc>
<arguments>
<arg>${m}</arg>
<arg>${mark}</arg>
</arguments>
<status endtime="20180209 15:55:56.941" starttime="20180209 15:55:56.939" status="PASS"></status>
</kw>
<status endtime="20180209 15:55:56.941" starttime="20180209 15:55:56.935" status="PASS"></status>
</kw>
<kw library="keywords.TicTacToeKeywords" name="Mark Location">
<arguments>
<arg>0</arg>
<arg>1</arg>
</arguments>
<status endtime="20180209 15:55:56.943" starttime="20180209 15:55:56.942" status="PASS"></status>
</kw>
<kw name="Check Location">
<arguments>
<arg>0</arg>
<arg>1</arg>
<arg>X</arg>
</arguments>
<kw library="keywords.TicTacToeKeywords" name="Get Mark">
<arguments>
<arg>${row}</arg>
<arg>${col}</arg>
</arguments>
<assign>
<var>${m}</var>
</assign>
<msg level="INFO" timestamp="20180209 15:55:56.946">${m} = X</msg>
<status endtime="20180209 15:55:56.947" starttime="20180209 15:55:56.945" status="PASS"></status>
</kw>
<kw library="BuiltIn" name="Should Be Equal">
<doc>Fails if the given objects are unequal.</doc>
<arguments>
<arg>${m}</arg>
<arg>${mark}</arg>
</arguments>
<status endtime="20180209 15:55:56.948" starttime="20180209 15:55:56.947" status="PASS"></status>
</kw>
<status endtime="20180209 15:55:56.949" starttime="20180209 15:55:56.943" status="PASS"></status>
</kw>
<kw library="keywords.TicTacToeKeywords" name="Mark Location">
<arguments>
<arg>2</arg>
<arg>1</arg>
</arguments>
<status endtime="20180209 15:55:56.950" starttime="20180209 15:55:56.949" status="PASS"></status>
</kw>
<kw name="Check Location">
<arguments>
<arg>2</arg>
<arg>1</arg>
<arg>O</arg>
</arguments>
<kw library="keywords.TicTacToeKeywords" name="Get Mark">
<arguments>
<arg>${row}</arg>
<arg>${col}</arg>
</arguments>
<assign>
<var>${m}</var>
</assign>
<msg level="INFO" timestamp="20180209 15:55:56.953">${m} = O</msg>
<status endtime="20180209 15:55:56.954" starttime="20180209 15:55:56.952" status="PASS"></status>
</kw>
<kw library="BuiltIn" name="Should Be Equal">
<doc>Fails if the given objects are unequal.</doc>
<arguments>
<arg>${m}</arg>
<arg>${mark}</arg>
</arguments>
<status endtime="20180209 15:55:56.956" starttime="20180209 15:55:56.954" status="PASS"></status>
</kw>
<status endtime="20180209 15:55:56.956" starttime="20180209 15:55:56.951" status="PASS"></status>
</kw>
<kw library="keywords.TicTacToeKeywords" name="Mark Location">
<arguments>
<arg>1</arg>
<arg>2</arg>
</arguments>
<status endtime="20180209 15:55:56.958" starttime="20180209 15:55:56.957" status="PASS"></status>
</kw>
<kw name="Check Location">
<arguments>
<arg>1</arg>
<arg>2</arg>
<arg>X</arg>
</arguments>
<kw library="keywords.TicTacToeKeywords" name="Get Mark">
<arguments>
<arg>${row}</arg>
<arg>${col}</arg>
</arguments>
<assign>
<var>${m}</var>
</assign>
<msg level="INFO" timestamp="20180209 15:55:56.961">${m} = X</msg>
<status endtime="20180209 15:55:56.961" starttime="20180209 15:55:56.959" status="PASS"></status>
</kw>
<kw library="BuiltIn" name="Should Be Equal">
<doc>Fails if the given objects are unequal.</doc>
<arguments>
<arg>${m}</arg>
<arg>${mark}</arg>
</arguments>
<status endtime="20180209 15:55:56.963" starttime="20180209 15:55:56.962" status="PASS"></status>
</kw>
<status endtime="20180209 15:55:56.963" starttime="20180209 15:55:56.958" status="PASS"></status>
</kw>
<kw library="keywords.TicTacToeKeywords" name="Mark Location">
<arguments>
<arg>1</arg>
<arg>0</arg>
</arguments>
<status endtime="20180209 15:55:56.965" starttime="20180209 15:55:56.964" status="PASS"></status>
</kw>
<kw name="Check Location">
<arguments>
<arg>1</arg>
<arg>0</arg>
<arg>O</arg>
</arguments>
<kw library="keywords.TicTacToeKeywords" name="Get Mark">
<arguments>
<arg>${row}</arg>
<arg>${col}</arg>
</arguments>
<assign>
<var>${m}</var>
</assign>
<msg level="INFO" timestamp="20180209 15:55:56.969">${m} = O</msg>
<status endtime="20180209 15:55:56.969" starttime="20180209 15:55:56.967" status="PASS"></status>
</kw>
<kw library="BuiltIn" name="Should Be Equal">
<doc>Fails if the given objects are unequal.</doc>
<arguments>
<arg>${m}</arg>
<arg>${mark}</arg>
</arguments>
<status endtime="20180209 15:55:56.971" starttime="20180209 15:55:56.970" status="PASS"></status>
</kw>
<status endtime="20180209 15:55:56.972" starttime="20180209 15:55:56.966" status="PASS"></status>
</kw>
<kw library="keywords.TicTacToeKeywords" name="Mark Location">
<arguments>
<arg>2</arg>
<arg>2</arg>
</arguments>
<status endtime="20180209 15:55:56.974" starttime="20180209 15:55:56.973" status="PASS"></status>
</kw>
<kw name="Check Location">
<arguments>
<arg>2</arg>
<arg>2</arg>
<arg>X</arg>
</arguments>
<kw library="keywords.TicTacToeKeywords" name="Get Mark">
<arguments>
<arg>${row}</arg>
<arg>${col}</arg>
</arguments>
<assign>
<var>${m}</var>
</assign>
<msg level="INFO" timestamp="20180209 15:55:56.977">${m} = X</msg>
<status endtime="20180209 15:55:56.977" starttime="20180209 15:55:56.975" status="PASS"></status>
</kw>
<kw library="BuiltIn" name="Should Be Equal">
<doc>Fails if the given objects are unequal.</doc>
<arguments>
<arg>${m}</arg>
<arg>${mark}</arg>
</arguments>
<status endtime="20180209 15:55:56.979" starttime="20180209 15:55:56.978" status="PASS"></status>
</kw>
<status endtime="20180209 15:55:56.980" starttime="20180209 15:55:56.974" status="PASS"></status>
</kw>
<kw name="Winner Should Be">
<arguments>
<arg>TIE</arg>
</arguments>
<kw library="keywords.TicTacToeKeywords" name="Get Winner">
<assign>
<var>${m}</var>
</assign>
<msg level="INFO" timestamp="20180209 15:55:56.982">${m} = TIE</msg>
<status endtime="20180209 15:55:56.983" starttime="20180209 15:55:56.981" status="PASS"></status>
</kw>
<kw library="BuiltIn" name="Should Be Equal">
<doc>Fails if the given objects are unequal.</doc>
<arguments>
<arg>${m}</arg>
<arg>${mark}</arg>
</arguments>
<status endtime="20180209 15:55:56.985" starttime="20180209 15:55:56.983" status="PASS"></status>
</kw>
<status endtime="20180209 15:55:56.985" starttime="20180209 15:55:56.980" status="PASS"></status>
</kw>
<status critical="yes" endtime="20180209 15:55:56.986" starttime="20180209 15:55:56.896" status="PASS"></status>
</test>
<status endtime="20180209 15:55:56.988" starttime="20180209 15:55:56.760" status="PASS"></status>
</suite>
<status endtime="20180209 15:55:56.993" starttime="20180209 15:55:53.975" status="PASS"></status>
</suite>
<statistics>
<total>
<stat pass="6" fail="0">Critical Tests</stat>
<stat pass="6" fail="0">All Tests</stat>
</total>
<tag>
</tag>
<suite>
<stat pass="6" fail="0" name="Acceptancetest" id="s1">Acceptancetest</stat>
<stat pass="3" fail="0" name="TicTacToeGUITests" id="s1-s1">Acceptancetest.TicTacToeGUITests</stat>
<stat pass="3" fail="0" name="TicTacToeTests" id="s1-s2">Acceptancetest.TicTacToeTests</stat>
</suite>
</statistics>
<errors>
</errors>
</robot>
